2018-04-08 20:41:36 [main] INFO  com.mchange.v2.log.MLog(line-80) 0     - MLog clients using log4j logging.
2018-04-08 20:41:36 [main] INFO  com.mchange.v2.c3p0.C3P0Registry(line-204) 252   - Initializing c3p0-0.9.1.1 [built 15-March-2007 01:32:31; debug? true; trace: 10]
2018-04-08 20:41:36 [main] DEBUG com.mchange.v2.c3p0.management.DynamicPooledDataSourceManagerMBean(line-236) 289   - MBean: com.mchange.v2.c3p0:type=PooledDataSource[z8kflt9u19uwazg1abn66v|1ee0005] registered.
2018-04-08 20:41:36 [main] DEBUG com.mchange.v2.resourcepool.BasicResourcePool(line-404) 386   - incremented pending_acquires: 1
2018-04-08 20:41:36 [main] DEBUG com.mchange.v2.resourcepool.BasicResourcePool(line-404) 386   - incremented pending_acquires: 2
2018-04-08 20:41:36 [main] DEBUG com.mchange.v2.resourcepool.BasicResourcePool(line-404) 387   - incremented pending_acquires: 3
2018-04-08 20:41:36 [main] DEBUG com.mchange.v2.resourcepool.BasicResourcePool(line-289) 388   - com.mchange.v2.resourcepool.BasicResourcePool@6bdf28bb config: [start -> 3; min -> 3; max -> 15; inc -> 3; num_acq_attempts -> 30; acq_attempt_delay -> 1000; check_idle_resources_delay -> 0; mox_resource_age -> 0; max_idle_time -> 0; excess_max_idle_time -> 0; destroy_unreturned_resc_time -> 0; expiration_enforcement_delay -> 0; break_on_acquisition_failure -> false; debug_store_checkout_exceptions -> false]
2018-04-08 20:41:36 [main] INFO  com.mchange.v2.c3p0.impl.AbstractPoolBackedDataSource(line-462) 389   - Initializing c3p0 pool... com.mchange.v2.c3p0.ComboPooledDataSource [ acquireIncrement -> 3, acquireRetryAttempts -> 30, acquireRetryDelay -> 1000, autoCommitOnClose -> false, automaticTestTable -> null, breakAfterAcquireFailure -> false, checkoutTimeout -> 0, connectionCustomizerClassName -> null, connectionTesterClassName -> com.mchange.v2.c3p0.impl.DefaultConnectionTester, dataSourceName -> z8kflt9u19uwazg1abn66v|1ee0005, debugUnreturnedConnectionStackTraces -> false, description -> null, driverClass -> com.mysql.cj.jdbc.Driver, factoryClassLocation -> null, forceIgnoreUnresolvedTransactions -> false, identityToken -> z8kflt9u19uwazg1abn66v|1ee0005, idleConnectionTestPeriod -> 0, initialPoolSize -> 3, jdbcUrl -> jdbc:mysql://localhost:3306/dlz_mail?useUnicode=true&characterEncoding=UTF8&serverTimezone=Asia/Shanghai, lastAcquisitionFailureDefaultUser -> null, maxAdministrativeTaskTime -> 0, maxConnectionAge -> 0, maxIdleTime -> 0, maxIdleTimeExcessConnections -> 0, maxPoolSize -> 15, maxStatements -> 0, maxStatementsPerConnection -> 0, minPoolSize -> 3, numHelperThreads -> 3, numThreadsAwaitingCheckoutDefaultUser -> 0, preferredTestQuery -> null, properties -> {user=******, password=******}, propertyCycle -> 0, testConnectionOnCheckin -> false, testConnectionOnCheckout -> false, unreturnedConnectionTimeout -> 0, usesTraditionalReflectiveProxies -> false ]
2018-04-08 20:41:36 [main] DEBUG com.mchange.v2.resourcepool.BasicResourcePool(line-538) 390   - acquire test -- pool size: 0; target_pool_size: 3; desired target? 1
2018-04-08 20:41:36 [main] DEBUG com.mchange.v2.resourcepool.BasicResourcePool(line-1291) 390   - awaitAvailable(): [unknown]
2018-04-08 20:41:36 [main] DEBUG com.mchange.v2.resourcepool.BasicResourcePool(line-1644) 391   - trace com.mchange.v2.resourcepool.BasicResourcePool@6bdf28bb [managed: 0, unused: 0, excluded: 0]
2018-04-08 20:41:37 [com.mchange.v2.async.ThreadPoolAsynchronousRunner$PoolThread-#2] DEBUG com.mchange.v2.c3p0.impl.C3P0PooledConnectionPool(line-217) 870   - com.mchange.v2.c3p0.impl.C3P0PooledConnectionPool$1PooledConnectionResourcePoolManager@6574e309.acquireResource() returning. 
2018-04-08 20:41:37 [com.mchange.v2.async.ThreadPoolAsynchronousRunner$PoolThread-#0] DEBUG com.mchange.v2.c3p0.impl.C3P0PooledConnectionPool(line-217) 870   - com.mchange.v2.c3p0.impl.C3P0PooledConnectionPool$1PooledConnectionResourcePoolManager@6574e309.acquireResource() returning. 
2018-04-08 20:41:37 [com.mchange.v2.async.ThreadPoolAsynchronousRunner$PoolThread-#1] DEBUG com.mchange.v2.c3p0.impl.C3P0PooledConnectionPool(line-217) 870   - com.mchange.v2.c3p0.impl.C3P0PooledConnectionPool$1PooledConnectionResourcePoolManager@6574e309.acquireResource() returning. 
2018-04-08 20:41:37 [com.mchange.v2.async.ThreadPoolAsynchronousRunner$PoolThread-#2] DEBUG com.mchange.v2.resourcepool.BasicResourcePool(line-1644) 871   - trace com.mchange.v2.resourcepool.BasicResourcePool@6bdf28bb [managed: 1, unused: 1, excluded: 0]
2018-04-08 20:41:37 [com.mchange.v2.async.ThreadPoolAsynchronousRunner$PoolThread-#1] DEBUG com.mchange.v2.resourcepool.BasicResourcePool(line-1644) 871   - trace com.mchange.v2.resourcepool.BasicResourcePool@6bdf28bb [managed: 2, unused: 2, excluded: 0] (e.g. com.mchange.v2.c3p0.impl.NewPooledConnection@72c3b354)
2018-04-08 20:41:37 [com.mchange.v2.async.ThreadPoolAsynchronousRunner$PoolThread-#1] DEBUG com.mchange.v2.resourcepool.BasicResourcePool(line-422) 873   - decremented pending_acquires: 2
2018-04-08 20:41:37 [main] DEBUG com.mchange.v2.resourcepool.BasicResourcePool(line-1644) 874   - trace com.mchange.v2.resourcepool.BasicResourcePool@6bdf28bb [managed: 2, unused: 1, excluded: 0] (e.g. com.mchange.v2.c3p0.impl.NewPooledConnection@72c3b354)
2018-04-08 20:41:37 [com.mchange.v2.async.ThreadPoolAsynchronousRunner$PoolThread-#0] DEBUG com.mchange.v2.resourcepool.BasicResourcePool(line-1644) 874   - trace com.mchange.v2.resourcepool.BasicResourcePool@6bdf28bb [managed: 3, unused: 2, excluded: 0] (e.g. com.mchange.v2.c3p0.impl.NewPooledConnection@72c3b354)
2018-04-08 20:41:37 [com.mchange.v2.async.ThreadPoolAsynchronousRunner$PoolThread-#0] DEBUG com.mchange.v2.resourcepool.BasicResourcePool(line-422) 874   - decremented pending_acquires: 1
2018-04-08 20:41:37 [com.mchange.v2.async.ThreadPoolAsynchronousRunner$PoolThread-#2] DEBUG com.mchange.v2.resourcepool.BasicResourcePool(line-422) 875   - decremented pending_acquires: 0
2018-04-08 20:41:37 [main] DEBUG com.mchange.v2.resourcepool.BasicResourcePool(line-1644) 913   - trace com.mchange.v2.resourcepool.BasicResourcePool@6bdf28bb [managed: 3, unused: 2, excluded: 0] (e.g. com.mchange.v2.c3p0.impl.NewPooledConnection@72c3b354)
2018-04-08 20:41:37 [Thread-5] DEBUG com.mchange.v2.resourcepool.BasicResourcePool(line-1644) 925   - trace com.mchange.v2.resourcepool.BasicResourcePool@6bdf28bb [managed: 3, unused: 2, excluded: 0] (e.g. com.mchange.v2.c3p0.impl.NewPooledConnection@72c3b354)
2018-04-08 20:41:37 [Thread-5] DEBUG com.mchange.v2.resourcepool.BasicResourcePool(line-1644) 933   - trace com.mchange.v2.resourcepool.BasicResourcePool@6bdf28bb [managed: 3, unused: 2, excluded: 0] (e.g. com.mchange.v2.c3p0.impl.NewPooledConnection@72c3b354)
2018-04-08 20:41:37 [Thread-5] DEBUG com.mchange.v2.resourcepool.BasicResourcePool(line-1644) 1030  - trace com.mchange.v2.resourcepool.BasicResourcePool@6bdf28bb [managed: 3, unused: 2, excluded: 0] (e.g. com.mchange.v2.c3p0.impl.NewPooledConnection@72c3b354)
2018-04-08 20:41:37 [Thread-5] DEBUG com.mchange.v2.resourcepool.BasicResourcePool(line-1644) 1033  - trace com.mchange.v2.resourcepool.BasicResourcePool@6bdf28bb [managed: 3, unused: 2, excluded: 0] (e.g. com.mchange.v2.c3p0.impl.NewPooledConnection@72c3b354)
2018-04-08 20:41:37 [Thread-5] DEBUG com.mchange.v2.resourcepool.BasicResourcePool(line-1644) 1033  - trace com.mchange.v2.resourcepool.BasicResourcePool@6bdf28bb [managed: 3, unused: 1, excluded: 0] (e.g. com.mchange.v2.c3p0.impl.NewPooledConnection@72c3b354)
2018-04-08 20:41:37 [pool-1-thread-2] DEBUG com.mchange.v2.resourcepool.BasicResourcePool(line-1644) 1033  - trace com.mchange.v2.resourcepool.BasicResourcePool@6bdf28bb [managed: 3, unused: 1, excluded: 0] (e.g. com.mchange.v2.c3p0.impl.NewPooledConnection@72c3b354)
2018-04-08 20:41:37 [pool-1-thread-2] DEBUG com.mchange.v2.resourcepool.BasicResourcePool(line-1644) 1036  - trace com.mchange.v2.resourcepool.BasicResourcePool@6bdf28bb [managed: 3, unused: 1, excluded: 0] (e.g. com.mchange.v2.c3p0.impl.NewPooledConnection@72c3b354)
2018-04-08 20:41:37 [pool-1-thread-2] DEBUG com.mchange.v2.resourcepool.BasicResourcePool(line-1644) 1041  - trace com.mchange.v2.resourcepool.BasicResourcePool@6bdf28bb [managed: 3, unused: 1, excluded: 0] (e.g. com.mchange.v2.c3p0.impl.NewPooledConnection@72c3b354)
2018-04-08 20:41:37 [Thread-5] DEBUG com.mchange.v2.resourcepool.BasicResourcePool(line-1644) 1061  - trace com.mchange.v2.resourcepool.BasicResourcePool@6bdf28bb [managed: 3, unused: 1, excluded: 0] (e.g. com.mchange.v2.c3p0.impl.NewPooledConnection@72c3b354)
2018-04-08 20:41:41 [pool-1-thread-2] DEBUG com.mchange.v2.resourcepool.BasicResourcePool(line-1644) 5168  - trace com.mchange.v2.resourcepool.BasicResourcePool@6bdf28bb [managed: 3, unused: 2, excluded: 0] (e.g. com.mchange.v2.c3p0.impl.NewPooledConnection@72c3b354)
2018-04-08 20:41:41 [pool-1-thread-2] DEBUG com.mchange.v2.resourcepool.BasicResourcePool(line-1644) 5220  - trace com.mchange.v2.resourcepool.BasicResourcePool@6bdf28bb [managed: 3, unused: 2, excluded: 0] (e.g. com.mchange.v2.c3p0.impl.NewPooledConnection@72c3b354)
2018-04-08 20:41:41 [pool-1-thread-2] DEBUG com.mchange.v2.resourcepool.BasicResourcePool(line-1644) 5226  - trace com.mchange.v2.resourcepool.BasicResourcePool@6bdf28bb [managed: 3, unused: 2, excluded: 0] (e.g. com.mchange.v2.c3p0.impl.NewPooledConnection@72c3b354)
2018-04-08 20:41:41 [pool-1-thread-2] DEBUG com.mchange.v2.resourcepool.BasicResourcePool(line-1644) 5226  - trace com.mchange.v2.resourcepool.BasicResourcePool@6bdf28bb [managed: 3, unused: 1, excluded: 0] (e.g. com.mchange.v2.c3p0.impl.NewPooledConnection@72c3b354)
2018-04-08 20:41:41 [pool-1-thread-2] DEBUG com.mchange.v2.resourcepool.BasicResourcePool(line-1644) 5232  - trace com.mchange.v2.resourcepool.BasicResourcePool@6bdf28bb [managed: 3, unused: 2, excluded: 0] (e.g. com.mchange.v2.c3p0.impl.NewPooledConnection@72c3b354)
2018-04-08 20:41:41 [pool-1-thread-2] DEBUG com.mchange.v2.resourcepool.BasicResourcePool(line-1644) 5523  - trace com.mchange.v2.resourcepool.BasicResourcePool@6bdf28bb [managed: 3, unused: 2, excluded: 0] (e.g. com.mchange.v2.c3p0.impl.NewPooledConnection@72c3b354)
2018-04-08 20:41:41 [pool-1-thread-2] DEBUG com.mchange.v2.resourcepool.BasicResourcePool(line-1644) 5548  - trace com.mchange.v2.resourcepool.BasicResourcePool@6bdf28bb [managed: 3, unused: 2, excluded: 0] (e.g. com.mchange.v2.c3p0.impl.NewPooledConnection@72c3b354)
2018-04-08 20:43:37 [Thread-5] DEBUG com.mchange.v2.resourcepool.BasicResourcePool(line-1644) 121069  - trace com.mchange.v2.resourcepool.BasicResourcePool@6bdf28bb [managed: 3, unused: 2, excluded: 0] (e.g. com.mchange.v2.c3p0.impl.NewPooledConnection@72c3b354)
2018-04-08 20:43:37 [Thread-5] DEBUG com.mchange.v2.resourcepool.BasicResourcePool(line-1644) 121072  - trace com.mchange.v2.resourcepool.BasicResourcePool@6bdf28bb [managed: 3, unused: 2, excluded: 0] (e.g. com.mchange.v2.c3p0.impl.NewPooledConnection@72c3b354)
2018-04-08 20:43:37 [Thread-5] DEBUG com.mchange.v2.resourcepool.BasicResourcePool(line-1644) 121073  - trace com.mchange.v2.resourcepool.BasicResourcePool@6bdf28bb [managed: 3, unused: 2, excluded: 0] (e.g. com.mchange.v2.c3p0.impl.NewPooledConnection@72c3b354)
2018-04-08 20:43:37 [Thread-5] DEBUG com.mchange.v2.resourcepool.BasicResourcePool(line-1644) 121076  - trace com.mchange.v2.resourcepool.BasicResourcePool@6bdf28bb [managed: 3, unused: 2, excluded: 0] (e.g. com.mchange.v2.c3p0.impl.NewPooledConnection@72c3b354)
2018-04-08 20:43:37 [Thread-5] DEBUG com.mchange.v2.resourcepool.BasicResourcePool(line-1644) 121076  - trace com.mchange.v2.resourcepool.BasicResourcePool@6bdf28bb [managed: 3, unused: 1, excluded: 0] (e.g. com.mchange.v2.c3p0.impl.NewPooledConnection@72c3b354)
2018-04-08 20:43:37 [pool-1-thread-2] DEBUG com.mchange.v2.resourcepool.BasicResourcePool(line-1644) 121077  - trace com.mchange.v2.resourcepool.BasicResourcePool@6bdf28bb [managed: 3, unused: 1, excluded: 0] (e.g. com.mchange.v2.c3p0.impl.NewPooledConnection@72c3b354)
2018-04-08 20:43:37 [pool-1-thread-2] DEBUG com.mchange.v2.resourcepool.BasicResourcePool(line-1644) 121079  - trace com.mchange.v2.resourcepool.BasicResourcePool@6bdf28bb [managed: 3, unused: 1, excluded: 0] (e.g. com.mchange.v2.c3p0.impl.NewPooledConnection@72c3b354)
2018-04-08 20:43:37 [pool-1-thread-2] DEBUG com.mchange.v2.resourcepool.BasicResourcePool(line-1644) 121079  - trace com.mchange.v2.resourcepool.BasicResourcePool@6bdf28bb [managed: 3, unused: 0, excluded: 0] (e.g. com.mchange.v2.c3p0.impl.NewPooledConnection@72c3b354)
2018-04-08 20:43:37 [Thread-5] DEBUG com.mchange.v2.resourcepool.BasicResourcePool(line-1644) 121092  - trace com.mchange.v2.resourcepool.BasicResourcePool@6bdf28bb [managed: 3, unused: 1, excluded: 0] (e.g. com.mchange.v2.c3p0.impl.NewPooledConnection@72c3b354)
2018-04-08 20:43:37 [pool-1-thread-2] DEBUG com.mchange.v2.resourcepool.BasicResourcePool(line-1644) 121102  - trace com.mchange.v2.resourcepool.BasicResourcePool@6bdf28bb [managed: 3, unused: 2, excluded: 0] (e.g. com.mchange.v2.c3p0.impl.NewPooledConnection@72c3b354)
2018-04-08 20:43:37 [pool-1-thread-2] DEBUG com.mchange.v2.resourcepool.BasicResourcePool(line-1644) 121105  - trace com.mchange.v2.resourcepool.BasicResourcePool@6bdf28bb [managed: 3, unused: 2, excluded: 0] (e.g. com.mchange.v2.c3p0.impl.NewPooledConnection@72c3b354)
2018-04-08 20:43:37 [pool-1-thread-2] DEBUG com.mchange.v2.resourcepool.BasicResourcePool(line-1644) 121109  - trace com.mchange.v2.resourcepool.BasicResourcePool@6bdf28bb [managed: 3, unused: 2, excluded: 0] (e.g. com.mchange.v2.c3p0.impl.NewPooledConnection@72c3b354)
2018-04-08 20:43:37 [pool-1-thread-2] DEBUG com.mchange.v2.resourcepool.BasicResourcePool(line-1644) 121110  - trace com.mchange.v2.resourcepool.BasicResourcePool@6bdf28bb [managed: 3, unused: 2, excluded: 0] (e.g. com.mchange.v2.c3p0.impl.NewPooledConnection@72c3b354)
2018-04-08 20:43:37 [pool-1-thread-2] DEBUG com.mchange.v2.resourcepool.BasicResourcePool(line-1644) 121113  - trace com.mchange.v2.resourcepool.BasicResourcePool@6bdf28bb [managed: 3, unused: 2, excluded: 0] (e.g. com.mchange.v2.c3p0.impl.NewPooledConnection@72c3b354)
2018-04-08 20:43:37 [pool-1-thread-2] DEBUG com.mchange.v2.resourcepool.BasicResourcePool(line-1644) 121275  - trace com.mchange.v2.resourcepool.BasicResourcePool@6bdf28bb [managed: 3, unused: 2, excluded: 0] (e.g. com.mchange.v2.c3p0.impl.NewPooledConnection@72c3b354)
2018-04-08 20:43:37 [pool-1-thread-2] DEBUG com.mchange.v2.resourcepool.BasicResourcePool(line-1644) 121287  - trace com.mchange.v2.resourcepool.BasicResourcePool@6bdf28bb [managed: 3, unused: 2, excluded: 0] (e.g. com.mchange.v2.c3p0.impl.NewPooledConnection@72c3b354)
2018-04-08 20:45:37 [Thread-5] DEBUG com.mchange.v2.resourcepool.BasicResourcePool(line-1644) 241100  - trace com.mchange.v2.resourcepool.BasicResourcePool@6bdf28bb [managed: 3, unused: 2, excluded: 0] (e.g. com.mchange.v2.c3p0.impl.NewPooledConnection@72c3b354)
2018-04-08 20:45:37 [Thread-5] DEBUG com.mchange.v2.resourcepool.BasicResourcePool(line-1644) 241102  - trace com.mchange.v2.resourcepool.BasicResourcePool@6bdf28bb [managed: 3, unused: 2, excluded: 0] (e.g. com.mchange.v2.c3p0.impl.NewPooledConnection@72c3b354)
2018-04-08 20:45:37 [Thread-5] DEBUG com.mchange.v2.resourcepool.BasicResourcePool(line-1644) 241103  - trace com.mchange.v2.resourcepool.BasicResourcePool@6bdf28bb [managed: 3, unused: 2, excluded: 0] (e.g. com.mchange.v2.c3p0.impl.NewPooledConnection@72c3b354)
2018-04-08 20:45:37 [Thread-5] DEBUG com.mchange.v2.resourcepool.BasicResourcePool(line-1644) 241104  - trace com.mchange.v2.resourcepool.BasicResourcePool@6bdf28bb [managed: 3, unused: 2, excluded: 0] (e.g. com.mchange.v2.c3p0.impl.NewPooledConnection@72c3b354)
2018-04-08 20:45:37 [Thread-5] DEBUG com.mchange.v2.resourcepool.BasicResourcePool(line-1644) 241105  - trace com.mchange.v2.resourcepool.BasicResourcePool@6bdf28bb [managed: 3, unused: 2, excluded: 0] (e.g. com.mchange.v2.c3p0.impl.NewPooledConnection@72c3b354)
2018-04-08 20:45:37 [pool-1-thread-2] DEBUG com.mchange.v2.resourcepool.BasicResourcePool(line-1644) 241105  - trace com.mchange.v2.resourcepool.BasicResourcePool@6bdf28bb [managed: 3, unused: 1, excluded: 0] (e.g. com.mchange.v2.c3p0.impl.NewPooledConnection@72c3b354)
2018-04-08 20:45:37 [pool-1-thread-2] DEBUG com.mchange.v2.resourcepool.BasicResourcePool(line-1644) 241107  - trace com.mchange.v2.resourcepool.BasicResourcePool@6bdf28bb [managed: 3, unused: 1, excluded: 0] (e.g. com.mchange.v2.c3p0.impl.NewPooledConnection@72c3b354)
2018-04-08 20:45:37 [pool-1-thread-2] DEBUG com.mchange.v2.resourcepool.BasicResourcePool(line-1644) 241108  - trace com.mchange.v2.resourcepool.BasicResourcePool@6bdf28bb [managed: 3, unused: 1, excluded: 0] (e.g. com.mchange.v2.c3p0.impl.NewPooledConnection@72c3b354)
2018-04-08 20:45:37 [pool-1-thread-2] DEBUG com.mchange.v2.resourcepool.BasicResourcePool(line-1644) 241119  - trace com.mchange.v2.resourcepool.BasicResourcePool@6bdf28bb [managed: 3, unused: 1, excluded: 0] (e.g. com.mchange.v2.c3p0.impl.NewPooledConnection@72c3b354)
2018-04-08 20:45:37 [pool-1-thread-2] DEBUG com.mchange.v2.resourcepool.BasicResourcePool(line-1644) 241122  - trace com.mchange.v2.resourcepool.BasicResourcePool@6bdf28bb [managed: 3, unused: 1, excluded: 0] (e.g. com.mchange.v2.c3p0.impl.NewPooledConnection@72c3b354)
2018-04-08 20:45:37 [pool-1-thread-2] DEBUG com.mchange.v2.resourcepool.BasicResourcePool(line-1644) 241124  - trace com.mchange.v2.resourcepool.BasicResourcePool@6bdf28bb [managed: 3, unused: 1, excluded: 0] (e.g. com.mchange.v2.c3p0.impl.NewPooledConnection@72c3b354)
2018-04-08 20:45:37 [pool-1-thread-2] DEBUG com.mchange.v2.resourcepool.BasicResourcePool(line-1644) 241124  - trace com.mchange.v2.resourcepool.BasicResourcePool@6bdf28bb [managed: 3, unused: 0, excluded: 0] (e.g. com.mchange.v2.c3p0.impl.NewPooledConnection@72c3b354)
2018-04-08 20:45:37 [pool-1-thread-2] DEBUG com.mchange.v2.resourcepool.BasicResourcePool(line-1644) 241126  - trace com.mchange.v2.resourcepool.BasicResourcePool@6bdf28bb [managed: 3, unused: 1, excluded: 0] (e.g. com.mchange.v2.c3p0.impl.NewPooledConnection@72c3b354)
2018-04-08 20:45:37 [Thread-5] DEBUG com.mchange.v2.resourcepool.BasicResourcePool(line-1644) 241130  - trace com.mchange.v2.resourcepool.BasicResourcePool@6bdf28bb [managed: 3, unused: 2, excluded: 0] (e.g. com.mchange.v2.c3p0.impl.NewPooledConnection@72c3b354)
2018-04-08 20:45:39 [pool-1-thread-2] DEBUG com.mchange.v2.resourcepool.BasicResourcePool(line-1644) 242733  - trace com.mchange.v2.resourcepool.BasicResourcePool@6bdf28bb [managed: 3, unused: 2, excluded: 0] (e.g. com.mchange.v2.c3p0.impl.NewPooledConnection@72c3b354)
2018-04-08 20:45:39 [pool-1-thread-2] DEBUG com.mchange.v2.resourcepool.BasicResourcePool(line-1644) 242757  - trace com.mchange.v2.resourcepool.BasicResourcePool@6bdf28bb [managed: 3, unused: 2, excluded: 0] (e.g. com.mchange.v2.c3p0.impl.NewPooledConnection@72c3b354)
2018-04-08 20:46:27 [main] INFO  com.mchange.v2.log.MLog(line-80) 0     - MLog clients using log4j logging.
2018-04-08 20:46:28 [main] INFO  com.mchange.v2.c3p0.C3P0Registry(line-204) 162   - Initializing c3p0-0.9.1.1 [built 15-March-2007 01:32:31; debug? true; trace: 10]
2018-04-08 20:46:28 [main] DEBUG com.mchange.v2.c3p0.management.DynamicPooledDataSourceManagerMBean(line-236) 202   - MBean: com.mchange.v2.c3p0:type=PooledDataSource[z8kflt9u19v2jy3110e9cc|1ee0005] registered.
2018-04-08 20:46:28 [main] DEBUG com.mchange.v2.resourcepool.BasicResourcePool(line-404) 275   - incremented pending_acquires: 1
2018-04-08 20:46:28 [main] DEBUG com.mchange.v2.resourcepool.BasicResourcePool(line-404) 275   - incremented pending_acquires: 2
2018-04-08 20:46:28 [main] DEBUG com.mchange.v2.resourcepool.BasicResourcePool(line-404) 275   - incremented pending_acquires: 3
2018-04-08 20:46:28 [main] DEBUG com.mchange.v2.resourcepool.BasicResourcePool(line-289) 276   - com.mchange.v2.resourcepool.BasicResourcePool@6bdf28bb config: [start -> 3; min -> 3; max -> 15; inc -> 3; num_acq_attempts -> 30; acq_attempt_delay -> 1000; check_idle_resources_delay -> 0; mox_resource_age -> 0; max_idle_time -> 0; excess_max_idle_time -> 0; destroy_unreturned_resc_time -> 0; expiration_enforcement_delay -> 0; break_on_acquisition_failure -> false; debug_store_checkout_exceptions -> false]
2018-04-08 20:46:28 [main] INFO  com.mchange.v2.c3p0.impl.AbstractPoolBackedDataSource(line-462) 277   - Initializing c3p0 pool... com.mchange.v2.c3p0.ComboPooledDataSource [ acquireIncrement -> 3, acquireRetryAttempts -> 30, acquireRetryDelay -> 1000, autoCommitOnClose -> false, automaticTestTable -> null, breakAfterAcquireFailure -> false, checkoutTimeout -> 0, connectionCustomizerClassName -> null, connectionTesterClassName -> com.mchange.v2.c3p0.impl.DefaultConnectionTester, dataSourceName -> z8kflt9u19v2jy3110e9cc|1ee0005, debugUnreturnedConnectionStackTraces -> false, description -> null, driverClass -> com.mysql.cj.jdbc.Driver, factoryClassLocation -> null, forceIgnoreUnresolvedTransactions -> false, identityToken -> z8kflt9u19v2jy3110e9cc|1ee0005, idleConnectionTestPeriod -> 0, initialPoolSize -> 3, jdbcUrl -> jdbc:mysql://localhost:3306/dlz_mail?useUnicode=true&characterEncoding=UTF8&serverTimezone=Asia/Shanghai, lastAcquisitionFailureDefaultUser -> null, maxAdministrativeTaskTime -> 0, maxConnectionAge -> 0, maxIdleTime -> 0, maxIdleTimeExcessConnections -> 0, maxPoolSize -> 15, maxStatements -> 0, maxStatementsPerConnection -> 0, minPoolSize -> 3, numHelperThreads -> 3, numThreadsAwaitingCheckoutDefaultUser -> 0, preferredTestQuery -> null, properties -> {user=******, password=******}, propertyCycle -> 0, testConnectionOnCheckin -> false, testConnectionOnCheckout -> false, unreturnedConnectionTimeout -> 0, usesTraditionalReflectiveProxies -> false ]
2018-04-08 20:46:28 [main] DEBUG com.mchange.v2.resourcepool.BasicResourcePool(line-538) 278   - acquire test -- pool size: 0; target_pool_size: 3; desired target? 1
2018-04-08 20:46:28 [main] DEBUG com.mchange.v2.resourcepool.BasicResourcePool(line-1291) 278   - awaitAvailable(): [unknown]
2018-04-08 20:46:28 [main] DEBUG com.mchange.v2.resourcepool.BasicResourcePool(line-1644) 279   - trace com.mchange.v2.resourcepool.BasicResourcePool@6bdf28bb [managed: 0, unused: 0, excluded: 0]
2018-04-08 20:46:28 [com.mchange.v2.async.ThreadPoolAsynchronousRunner$PoolThread-#2] DEBUG com.mchange.v2.c3p0.impl.C3P0PooledConnectionPool(line-217) 772   - com.mchange.v2.c3p0.impl.C3P0PooledConnectionPool$1PooledConnectionResourcePoolManager@780ecc99.acquireResource() returning. 
2018-04-08 20:46:28 [com.mchange.v2.async.ThreadPoolAsynchronousRunner$PoolThread-#2] DEBUG com.mchange.v2.resourcepool.BasicResourcePool(line-1644) 772   - trace com.mchange.v2.resourcepool.BasicResourcePool@6bdf28bb [managed: 1, unused: 1, excluded: 0]
2018-04-08 20:46:28 [com.mchange.v2.async.ThreadPoolAsynchronousRunner$PoolThread-#2] DEBUG com.mchange.v2.resourcepool.BasicResourcePool(line-422) 773   - decremented pending_acquires: 2
2018-04-08 20:46:28 [com.mchange.v2.async.ThreadPoolAsynchronousRunner$PoolThread-#1] DEBUG com.mchange.v2.c3p0.impl.C3P0PooledConnectionPool(line-217) 773   - com.mchange.v2.c3p0.impl.C3P0PooledConnectionPool$1PooledConnectionResourcePoolManager@780ecc99.acquireResource() returning. 
2018-04-08 20:46:28 [com.mchange.v2.async.ThreadPoolAsynchronousRunner$PoolThread-#1] DEBUG com.mchange.v2.resourcepool.BasicResourcePool(line-1644) 773   - trace com.mchange.v2.resourcepool.BasicResourcePool@6bdf28bb [managed: 2, unused: 2, excluded: 0] (e.g. com.mchange.v2.c3p0.impl.NewPooledConnection@77fe8fe9)
2018-04-08 20:46:28 [com.mchange.v2.async.ThreadPoolAsynchronousRunner$PoolThread-#1] DEBUG com.mchange.v2.resourcepool.BasicResourcePool(line-422) 775   - decremented pending_acquires: 1
2018-04-08 20:46:28 [com.mchange.v2.async.ThreadPoolAsynchronousRunner$PoolThread-#0] DEBUG com.mchange.v2.c3p0.impl.C3P0PooledConnectionPool(line-217) 774   - com.mchange.v2.c3p0.impl.C3P0PooledConnectionPool$1PooledConnectionResourcePoolManager@780ecc99.acquireResource() returning. 
2018-04-08 20:46:28 [main] DEBUG com.mchange.v2.resourcepool.BasicResourcePool(line-1644) 775   - trace com.mchange.v2.resourcepool.BasicResourcePool@6bdf28bb [managed: 2, unused: 1, excluded: 0] (e.g. com.mchange.v2.c3p0.impl.NewPooledConnection@77fe8fe9)
2018-04-08 20:46:28 [com.mchange.v2.async.ThreadPoolAsynchronousRunner$PoolThread-#0] DEBUG com.mchange.v2.resourcepool.BasicResourcePool(line-1644) 777   - trace com.mchange.v2.resourcepool.BasicResourcePool@6bdf28bb [managed: 3, unused: 2, excluded: 0] (e.g. com.mchange.v2.c3p0.impl.NewPooledConnection@77fe8fe9)
2018-04-08 20:46:28 [com.mchange.v2.async.ThreadPoolAsynchronousRunner$PoolThread-#0] DEBUG com.mchange.v2.resourcepool.BasicResourcePool(line-422) 777   - decremented pending_acquires: 0
2018-04-08 20:46:28 [main] DEBUG com.mchange.v2.resourcepool.BasicResourcePool(line-1644) 800   - trace com.mchange.v2.resourcepool.BasicResourcePool@6bdf28bb [managed: 3, unused: 2, excluded: 0] (e.g. com.mchange.v2.c3p0.impl.NewPooledConnection@77fe8fe9)
2018-04-08 20:46:28 [Thread-5] DEBUG com.mchange.v2.resourcepool.BasicResourcePool(line-1644) 806   - trace com.mchange.v2.resourcepool.BasicResourcePool@6bdf28bb [managed: 3, unused: 2, excluded: 0] (e.g. com.mchange.v2.c3p0.impl.NewPooledConnection@77fe8fe9)
2018-04-08 20:46:28 [Thread-5] DEBUG com.mchange.v2.resourcepool.BasicResourcePool(line-1644) 823   - trace com.mchange.v2.resourcepool.BasicResourcePool@6bdf28bb [managed: 3, unused: 2, excluded: 0] (e.g. com.mchange.v2.c3p0.impl.NewPooledConnection@77fe8fe9)
2018-04-08 20:46:28 [Thread-5] DEBUG com.mchange.v2.resourcepool.BasicResourcePool(line-1644) 909   - trace com.mchange.v2.resourcepool.BasicResourcePool@6bdf28bb [managed: 3, unused: 2, excluded: 0] (e.g. com.mchange.v2.c3p0.impl.NewPooledConnection@77fe8fe9)
2018-04-08 20:46:28 [Thread-5] DEBUG com.mchange.v2.resourcepool.BasicResourcePool(line-1644) 911   - trace com.mchange.v2.resourcepool.BasicResourcePool@6bdf28bb [managed: 3, unused: 2, excluded: 0] (e.g. com.mchange.v2.c3p0.impl.NewPooledConnection@77fe8fe9)
2018-04-08 20:46:28 [Thread-5] DEBUG com.mchange.v2.resourcepool.BasicResourcePool(line-1644) 911   - trace com.mchange.v2.resourcepool.BasicResourcePool@6bdf28bb [managed: 3, unused: 2, excluded: 0] (e.g. com.mchange.v2.c3p0.impl.NewPooledConnection@77fe8fe9)
2018-04-08 20:46:28 [pool-1-thread-2] DEBUG com.mchange.v2.resourcepool.BasicResourcePool(line-1644) 912   - trace com.mchange.v2.resourcepool.BasicResourcePool@6bdf28bb [managed: 3, unused: 1, excluded: 0] (e.g. com.mchange.v2.c3p0.impl.NewPooledConnection@77fe8fe9)
2018-04-08 20:46:28 [pool-1-thread-2] DEBUG com.mchange.v2.resourcepool.BasicResourcePool(line-1644) 920   - trace com.mchange.v2.resourcepool.BasicResourcePool@6bdf28bb [managed: 3, unused: 1, excluded: 0] (e.g. com.mchange.v2.c3p0.impl.NewPooledConnection@77fe8fe9)
2018-04-08 20:46:28 [pool-1-thread-2] DEBUG com.mchange.v2.resourcepool.BasicResourcePool(line-1644) 921   - trace com.mchange.v2.resourcepool.BasicResourcePool@6bdf28bb [managed: 3, unused: 0, excluded: 0] (e.g. com.mchange.v2.c3p0.impl.NewPooledConnection@77fe8fe9)
2018-04-08 20:46:28 [Thread-5] DEBUG com.mchange.v2.resourcepool.BasicResourcePool(line-1644) 933   - trace com.mchange.v2.resourcepool.BasicResourcePool@6bdf28bb [managed: 3, unused: 1, excluded: 0] (e.g. com.mchange.v2.c3p0.impl.NewPooledConnection@77fe8fe9)
2018-04-08 20:46:32 [pool-1-thread-2] DEBUG com.mchange.v2.resourcepool.BasicResourcePool(line-1644) 4385  - trace com.mchange.v2.resourcepool.BasicResourcePool@6bdf28bb [managed: 3, unused: 2, excluded: 0] (e.g. com.mchange.v2.c3p0.impl.NewPooledConnection@77fe8fe9)
2018-04-08 20:46:32 [pool-1-thread-2] DEBUG com.dlz.mail.task.ExecuteSQL(line-68) 4449  - 压缩处理后的文件路径：/Users/wangyuelin/Documents/develop/dlz_mail/files/csv/stu.zip
2018-04-08 20:46:32 [pool-1-thread-2] DEBUG com.mchange.v2.resourcepool.BasicResourcePool(line-1644) 4450  - trace com.mchange.v2.resourcepool.BasicResourcePool@6bdf28bb [managed: 3, unused: 2, excluded: 0] (e.g. com.mchange.v2.c3p0.impl.NewPooledConnection@77fe8fe9)
2018-04-08 20:46:32 [pool-1-thread-2] DEBUG com.mchange.v2.resourcepool.BasicResourcePool(line-1644) 4452  - trace com.mchange.v2.resourcepool.BasicResourcePool@6bdf28bb [managed: 3, unused: 2, excluded: 0] (e.g. com.mchange.v2.c3p0.impl.NewPooledConnection@77fe8fe9)
2018-04-08 20:46:32 [pool-1-thread-2] DEBUG com.dlz.mail.task.ExecuteSQL(line-125) 4452  - 立即发送邮件：stu
2018-04-08 20:46:32 [pool-1-thread-2] DEBUG com.mchange.v2.resourcepool.BasicResourcePool(line-1644) 4452  - trace com.mchange.v2.resourcepool.BasicResourcePool@6bdf28bb [managed: 3, unused: 2, excluded: 0] (e.g. com.mchange.v2.c3p0.impl.NewPooledConnection@77fe8fe9)
2018-04-08 20:46:32 [pool-1-thread-2] DEBUG com.mchange.v2.resourcepool.BasicResourcePool(line-1644) 4455  - trace com.mchange.v2.resourcepool.BasicResourcePool@6bdf28bb [managed: 3, unused: 2, excluded: 0] (e.g. com.mchange.v2.c3p0.impl.NewPooledConnection@77fe8fe9)
2018-04-08 20:46:32 [pool-1-thread-2] DEBUG com.dlz.mail.task.ExecuteSQL(line-127) 4674  - 邮件：stu 发送成功
2018-04-08 20:46:32 [pool-1-thread-2] DEBUG com.mchange.v2.resourcepool.BasicResourcePool(line-1644) 4675  - trace com.mchange.v2.resourcepool.BasicResourcePool@6bdf28bb [managed: 3, unused: 2, excluded: 0] (e.g. com.mchange.v2.c3p0.impl.NewPooledConnection@77fe8fe9)
2018-04-08 20:46:32 [pool-1-thread-2] DEBUG com.mchange.v2.resourcepool.BasicResourcePool(line-1644) 4692  - trace com.mchange.v2.resourcepool.BasicResourcePool@6bdf28bb [managed: 3, unused: 2, excluded: 0] (e.g. com.mchange.v2.c3p0.impl.NewPooledConnection@77fe8fe9)
2018-04-08 20:48:09 [main] INFO  com.mchange.v2.log.MLog(line-80) 0     - MLog clients using log4j logging.
2018-04-08 20:48:10 [main] INFO  com.mchange.v2.c3p0.C3P0Registry(line-204) 242   - Initializing c3p0-0.9.1.1 [built 15-March-2007 01:32:31; debug? true; trace: 10]
2018-04-08 20:48:10 [main] DEBUG com.mchange.v2.c3p0.management.DynamicPooledDataSourceManagerMBean(line-236) 350   - MBean: com.mchange.v2.c3p0:type=PooledDataSource[z8kflt9u19v4qpuh136jh|7fbe847c] registered.
2018-04-08 20:48:10 [main] DEBUG com.mchange.v2.resourcepool.BasicResourcePool(line-404) 440   - incremented pending_acquires: 1
2018-04-08 20:48:10 [main] DEBUG com.mchange.v2.resourcepool.BasicResourcePool(line-404) 440   - incremented pending_acquires: 2
2018-04-08 20:48:10 [main] DEBUG com.mchange.v2.resourcepool.BasicResourcePool(line-404) 441   - incremented pending_acquires: 3
2018-04-08 20:48:10 [main] DEBUG com.mchange.v2.resourcepool.BasicResourcePool(line-289) 443   - com.mchange.v2.resourcepool.BasicResourcePool@1134affc config: [start -> 3; min -> 3; max -> 15; inc -> 3; num_acq_attempts -> 30; acq_attempt_delay -> 1000; check_idle_resources_delay -> 0; mox_resource_age -> 0; max_idle_time -> 0; excess_max_idle_time -> 0; destroy_unreturned_resc_time -> 0; expiration_enforcement_delay -> 0; break_on_acquisition_failure -> false; debug_store_checkout_exceptions -> false]
2018-04-08 20:48:10 [main] INFO  com.mchange.v2.c3p0.impl.AbstractPoolBackedDataSource(line-462) 444   - Initializing c3p0 pool... com.mchange.v2.c3p0.ComboPooledDataSource [ acquireIncrement -> 3, acquireRetryAttempts -> 30, acquireRetryDelay -> 1000, autoCommitOnClose -> false, automaticTestTable -> null, breakAfterAcquireFailure -> false, checkoutTimeout -> 0, connectionCustomizerClassName -> null, connectionTesterClassName -> com.mchange.v2.c3p0.impl.DefaultConnectionTester, dataSourceName -> z8kflt9u19v4qpuh136jh|7fbe847c, debugUnreturnedConnectionStackTraces -> false, description -> null, driverClass -> com.mysql.cj.jdbc.Driver, factoryClassLocation -> null, forceIgnoreUnresolvedTransactions -> false, identityToken -> z8kflt9u19v4qpuh136jh|7fbe847c, idleConnectionTestPeriod -> 0, initialPoolSize -> 3, jdbcUrl -> jdbc:mysql://localhost:3306/dlz_mail?useUnicode=true&characterEncoding=UTF8&serverTimezone=Asia/Shanghai, lastAcquisitionFailureDefaultUser -> null, maxAdministrativeTaskTime -> 0, maxConnectionAge -> 0, maxIdleTime -> 0, maxIdleTimeExcessConnections -> 0, maxPoolSize -> 15, maxStatements -> 0, maxStatementsPerConnection -> 0, minPoolSize -> 3, numHelperThreads -> 3, numThreadsAwaitingCheckoutDefaultUser -> 0, preferredTestQuery -> null, properties -> {user=******, password=******}, propertyCycle -> 0, testConnectionOnCheckin -> false, testConnectionOnCheckout -> false, unreturnedConnectionTimeout -> 0, usesTraditionalReflectiveProxies -> false ]
2018-04-08 20:48:10 [main] DEBUG com.mchange.v2.resourcepool.BasicResourcePool(line-538) 445   - acquire test -- pool size: 0; target_pool_size: 3; desired target? 1
2018-04-08 20:48:10 [main] DEBUG com.mchange.v2.resourcepool.BasicResourcePool(line-1291) 445   - awaitAvailable(): [unknown]
2018-04-08 20:48:10 [main] DEBUG com.mchange.v2.resourcepool.BasicResourcePool(line-1644) 446   - trace com.mchange.v2.resourcepool.BasicResourcePool@1134affc [managed: 0, unused: 0, excluded: 0]
2018-04-08 20:48:10 [com.mchange.v2.async.ThreadPoolAsynchronousRunner$PoolThread-#1] DEBUG com.mchange.v2.c3p0.impl.C3P0PooledConnectionPool(line-217) 977   - com.mchange.v2.c3p0.impl.C3P0PooledConnectionPool$1PooledConnectionResourcePoolManager@3e683955.acquireResource() returning. 
2018-04-08 20:48:10 [com.mchange.v2.async.ThreadPoolAsynchronousRunner$PoolThread-#1] DEBUG com.mchange.v2.resourcepool.BasicResourcePool(line-1644) 978   - trace com.mchange.v2.resourcepool.BasicResourcePool@1134affc [managed: 1, unused: 1, excluded: 0]
2018-04-08 20:48:10 [com.mchange.v2.async.ThreadPoolAsynchronousRunner$PoolThread-#1] DEBUG com.mchange.v2.resourcepool.BasicResourcePool(line-422) 978   - decremented pending_acquires: 2
2018-04-08 20:48:10 [main] DEBUG com.mchange.v2.resourcepool.BasicResourcePool(line-1644) 978   - trace com.mchange.v2.resourcepool.BasicResourcePool@1134affc [managed: 1, unused: 0, excluded: 0] (e.g. com.mchange.v2.c3p0.impl.NewPooledConnection@1ad89146)
2018-04-08 20:48:10 [com.mchange.v2.async.ThreadPoolAsynchronousRunner$PoolThread-#0] DEBUG com.mchange.v2.c3p0.impl.C3P0PooledConnectionPool(line-217) 977   - com.mchange.v2.c3p0.impl.C3P0PooledConnectionPool$1PooledConnectionResourcePoolManager@3e683955.acquireResource() returning. 
2018-04-08 20:48:10 [com.mchange.v2.async.ThreadPoolAsynchronousRunner$PoolThread-#0] DEBUG com.mchange.v2.resourcepool.BasicResourcePool(line-1644) 990   - trace com.mchange.v2.resourcepool.BasicResourcePool@1134affc [managed: 2, unused: 1, excluded: 0] (e.g. com.mchange.v2.c3p0.impl.NewPooledConnection@1ad89146)
2018-04-08 20:48:10 [com.mchange.v2.async.ThreadPoolAsynchronousRunner$PoolThread-#0] DEBUG com.mchange.v2.resourcepool.BasicResourcePool(line-422) 991   - decremented pending_acquires: 1
2018-04-08 20:48:10 [com.mchange.v2.async.ThreadPoolAsynchronousRunner$PoolThread-#2] DEBUG com.mchange.v2.c3p0.impl.C3P0PooledConnectionPool(line-217) 977   - com.mchange.v2.c3p0.impl.C3P0PooledConnectionPool$1PooledConnectionResourcePoolManager@3e683955.acquireResource() returning. 
2018-04-08 20:48:10 [com.mchange.v2.async.ThreadPoolAsynchronousRunner$PoolThread-#2] DEBUG com.mchange.v2.resourcepool.BasicResourcePool(line-1644) 994   - trace com.mchange.v2.resourcepool.BasicResourcePool@1134affc [managed: 3, unused: 2, excluded: 0] (e.g. com.mchange.v2.c3p0.impl.NewPooledConnection@1ad89146)
2018-04-08 20:48:10 [com.mchange.v2.async.ThreadPoolAsynchronousRunner$PoolThread-#2] DEBUG com.mchange.v2.resourcepool.BasicResourcePool(line-422) 995   - decremented pending_acquires: 0
2018-04-08 20:48:11 [main] DEBUG com.mchange.v2.resourcepool.BasicResourcePool(line-1644) 1011  - trace com.mchange.v2.resourcepool.BasicResourcePool@1134affc [managed: 3, unused: 2, excluded: 0] (e.g. com.mchange.v2.c3p0.impl.NewPooledConnection@1ad89146)
2018-04-08 20:48:11 [Thread-5] DEBUG com.mchange.v2.resourcepool.BasicResourcePool(line-1644) 1019  - trace com.mchange.v2.resourcepool.BasicResourcePool@1134affc [managed: 3, unused: 2, excluded: 0] (e.g. com.mchange.v2.c3p0.impl.NewPooledConnection@1ad89146)
2018-04-08 20:48:11 [Thread-5] DEBUG com.mchange.v2.resourcepool.BasicResourcePool(line-1644) 1025  - trace com.mchange.v2.resourcepool.BasicResourcePool@1134affc [managed: 3, unused: 2, excluded: 0] (e.g. com.mchange.v2.c3p0.impl.NewPooledConnection@1ad89146)
2018-04-08 20:48:11 [Thread-5] DEBUG com.mchange.v2.resourcepool.BasicResourcePool(line-1644) 1094  - trace com.mchange.v2.resourcepool.BasicResourcePool@1134affc [managed: 3, unused: 2, excluded: 0] (e.g. com.mchange.v2.c3p0.impl.NewPooledConnection@1ad89146)
2018-04-08 20:48:11 [Thread-5] DEBUG com.mchange.v2.resourcepool.BasicResourcePool(line-1644) 1097  - trace com.mchange.v2.resourcepool.BasicResourcePool@1134affc [managed: 3, unused: 2, excluded: 0] (e.g. com.mchange.v2.c3p0.impl.NewPooledConnection@1ad89146)
2018-04-08 20:48:11 [pool-1-thread-2] DEBUG com.mchange.v2.resourcepool.BasicResourcePool(line-1644) 1097  - trace com.mchange.v2.resourcepool.BasicResourcePool@1134affc [managed: 3, unused: 2, excluded: 0] (e.g. com.mchange.v2.c3p0.impl.NewPooledConnection@1ad89146)
2018-04-08 20:48:11 [Thread-5] DEBUG com.mchange.v2.resourcepool.BasicResourcePool(line-1644) 1098  - trace com.mchange.v2.resourcepool.BasicResourcePool@1134affc [managed: 3, unused: 1, excluded: 0] (e.g. com.mchange.v2.c3p0.impl.NewPooledConnection@1ad89146)
2018-04-08 20:48:11 [pool-1-thread-2] DEBUG com.mchange.v2.resourcepool.BasicResourcePool(line-1644) 1100  - trace com.mchange.v2.resourcepool.BasicResourcePool@1134affc [managed: 3, unused: 1, excluded: 0] (e.g. com.mchange.v2.c3p0.impl.NewPooledConnection@1ad89146)
2018-04-08 20:48:11 [pool-1-thread-2] DEBUG com.mchange.v2.resourcepool.BasicResourcePool(line-1644) 1113  - trace com.mchange.v2.resourcepool.BasicResourcePool@1134affc [managed: 3, unused: 1, excluded: 0] (e.g. com.mchange.v2.c3p0.impl.NewPooledConnection@1ad89146)
2018-04-08 20:48:11 [Thread-5] DEBUG com.mchange.v2.resourcepool.BasicResourcePool(line-1644) 1121  - trace com.mchange.v2.resourcepool.BasicResourcePool@1134affc [managed: 3, unused: 1, excluded: 0] (e.g. com.mchange.v2.c3p0.impl.NewPooledConnection@1ad89146)
2018-04-08 20:48:14 [pool-1-thread-2] DEBUG com.mchange.v2.resourcepool.BasicResourcePool(line-1644) 4724  - trace com.mchange.v2.resourcepool.BasicResourcePool@1134affc [managed: 3, unused: 2, excluded: 0] (e.g. com.mchange.v2.c3p0.impl.NewPooledConnection@1ad89146)
2018-04-08 20:48:14 [pool-1-thread-2] DEBUG com.dlz.mail.task.ExecuteSQL(line-68) 4767  - 压缩处理后的文件路径：/Users/wangyuelin/Documents/develop/dlz_mail/files/csv/stu.zip
2018-04-08 20:48:14 [pool-1-thread-2] DEBUG com.mchange.v2.resourcepool.BasicResourcePool(line-1644) 4767  - trace com.mchange.v2.resourcepool.BasicResourcePool@1134affc [managed: 3, unused: 2, excluded: 0] (e.g. com.mchange.v2.c3p0.impl.NewPooledConnection@1ad89146)
2018-04-08 20:48:14 [pool-1-thread-2] DEBUG com.mchange.v2.resourcepool.BasicResourcePool(line-1644) 4769  - trace com.mchange.v2.resourcepool.BasicResourcePool@1134affc [managed: 3, unused: 2, excluded: 0] (e.g. com.mchange.v2.c3p0.impl.NewPooledConnection@1ad89146)
2018-04-08 20:48:14 [pool-1-thread-2] DEBUG com.dlz.mail.task.ExecuteSQL(line-125) 4769  - 立即发送邮件：stu
2018-04-08 20:48:14 [pool-1-thread-2] DEBUG com.mchange.v2.resourcepool.BasicResourcePool(line-1644) 4769  - trace com.mchange.v2.resourcepool.BasicResourcePool@1134affc [managed: 3, unused: 2, excluded: 0] (e.g. com.mchange.v2.c3p0.impl.NewPooledConnection@1ad89146)
2018-04-08 20:48:14 [pool-1-thread-2] DEBUG com.mchange.v2.resourcepool.BasicResourcePool(line-1644) 4781  - trace com.mchange.v2.resourcepool.BasicResourcePool@1134affc [managed: 3, unused: 2, excluded: 0] (e.g. com.mchange.v2.c3p0.impl.NewPooledConnection@1ad89146)
2018-04-08 20:48:14 [pool-1-thread-2] DEBUG com.dlz.mail.task.ExecuteSQL(line-127) 4995  - 邮件：stu 发送成功
2018-04-08 20:48:14 [pool-1-thread-2] DEBUG com.mchange.v2.resourcepool.BasicResourcePool(line-1644) 4995  - trace com.mchange.v2.resourcepool.BasicResourcePool@1134affc [managed: 3, unused: 2, excluded: 0] (e.g. com.mchange.v2.c3p0.impl.NewPooledConnection@1ad89146)
2018-04-08 20:48:15 [pool-1-thread-2] DEBUG com.mchange.v2.resourcepool.BasicResourcePool(line-1644) 5018  - trace com.mchange.v2.resourcepool.BasicResourcePool@1134affc [managed: 3, unused: 2, excluded: 0] (e.g. com.mchange.v2.c3p0.impl.NewPooledConnection@1ad89146)
2018-04-08 20:49:12 [main] INFO  com.mchange.v2.log.MLog(line-80) 0     - MLog clients using log4j logging.
2018-04-08 20:49:12 [main] INFO  com.mchange.v2.c3p0.C3P0Registry(line-204) 208   - Initializing c3p0-0.9.1.1 [built 15-March-2007 01:32:31; debug? true; trace: 10]
2018-04-08 20:49:12 [main] DEBUG com.mchange.v2.c3p0.management.DynamicPooledDataSourceManagerMBean(line-236) 298   - MBean: com.mchange.v2.c3p0:type=PooledDataSource[z8kflt9u19v631i187081d|1ee0005] registered.
2018-04-08 20:49:13 [main] DEBUG com.mchange.v2.resourcepool.BasicResourcePool(line-404) 453   - incremented pending_acquires: 1
2018-04-08 20:49:13 [main] DEBUG com.mchange.v2.resourcepool.BasicResourcePool(line-404) 454   - incremented pending_acquires: 2
2018-04-08 20:49:13 [main] DEBUG com.mchange.v2.resourcepool.BasicResourcePool(line-404) 455   - incremented pending_acquires: 3
2018-04-08 20:49:13 [main] DEBUG com.mchange.v2.resourcepool.BasicResourcePool(line-289) 455   - com.mchange.v2.resourcepool.BasicResourcePool@6bdf28bb config: [start -> 3; min -> 3; max -> 15; inc -> 3; num_acq_attempts -> 30; acq_attempt_delay -> 1000; check_idle_resources_delay -> 0; mox_resource_age -> 0; max_idle_time -> 0; excess_max_idle_time -> 0; destroy_unreturned_resc_time -> 0; expiration_enforcement_delay -> 0; break_on_acquisition_failure -> false; debug_store_checkout_exceptions -> false]
2018-04-08 20:49:13 [main] INFO  com.mchange.v2.c3p0.impl.AbstractPoolBackedDataSource(line-462) 457   - Initializing c3p0 pool... com.mchange.v2.c3p0.ComboPooledDataSource [ acquireIncrement -> 3, acquireRetryAttempts -> 30, acquireRetryDelay -> 1000, autoCommitOnClose -> false, automaticTestTable -> null, breakAfterAcquireFailure -> false, checkoutTimeout -> 0, connectionCustomizerClassName -> null, connectionTesterClassName -> com.mchange.v2.c3p0.impl.DefaultConnectionTester, dataSourceName -> z8kflt9u19v631i187081d|1ee0005, debugUnreturnedConnectionStackTraces -> false, description -> null, driverClass -> com.mysql.cj.jdbc.Driver, factoryClassLocation -> null, forceIgnoreUnresolvedTransactions -> false, identityToken -> z8kflt9u19v631i187081d|1ee0005, idleConnectionTestPeriod -> 0, initialPoolSize -> 3, jdbcUrl -> jdbc:mysql://localhost:3306/dlz_mail?useUnicode=true&characterEncoding=UTF8&serverTimezone=Asia/Shanghai, lastAcquisitionFailureDefaultUser -> null, maxAdministrativeTaskTime -> 0, maxConnectionAge -> 0, maxIdleTime -> 0, maxIdleTimeExcessConnections -> 0, maxPoolSize -> 15, maxStatements -> 0, maxStatementsPerConnection -> 0, minPoolSize -> 3, numHelperThreads -> 3, numThreadsAwaitingCheckoutDefaultUser -> 0, preferredTestQuery -> null, properties -> {user=******, password=******}, propertyCycle -> 0, testConnectionOnCheckin -> false, testConnectionOnCheckout -> false, unreturnedConnectionTimeout -> 0, usesTraditionalReflectiveProxies -> false ]
2018-04-08 20:49:13 [main] DEBUG com.mchange.v2.resourcepool.BasicResourcePool(line-538) 458   - acquire test -- pool size: 0; target_pool_size: 3; desired target? 1
2018-04-08 20:49:13 [main] DEBUG com.mchange.v2.resourcepool.BasicResourcePool(line-1291) 459   - awaitAvailable(): [unknown]
2018-04-08 20:49:13 [main] DEBUG com.mchange.v2.resourcepool.BasicResourcePool(line-1644) 460   - trace com.mchange.v2.resourcepool.BasicResourcePool@6bdf28bb [managed: 0, unused: 0, excluded: 0]
2018-04-08 20:49:13 [com.mchange.v2.async.ThreadPoolAsynchronousRunner$PoolThread-#2] DEBUG com.mchange.v2.c3p0.impl.C3P0PooledConnectionPool(line-217) 989   - com.mchange.v2.c3p0.impl.C3P0PooledConnectionPool$1PooledConnectionResourcePoolManager@42de465e.acquireResource() returning. 
2018-04-08 20:49:13 [com.mchange.v2.async.ThreadPoolAsynchronousRunner$PoolThread-#1] DEBUG com.mchange.v2.c3p0.impl.C3P0PooledConnectionPool(line-217) 989   - com.mchange.v2.c3p0.impl.C3P0PooledConnectionPool$1PooledConnectionResourcePoolManager@42de465e.acquireResource() returning. 
2018-04-08 20:49:13 [com.mchange.v2.async.ThreadPoolAsynchronousRunner$PoolThread-#0] DEBUG com.mchange.v2.c3p0.impl.C3P0PooledConnectionPool(line-217) 989   - com.mchange.v2.c3p0.impl.C3P0PooledConnectionPool$1PooledConnectionResourcePoolManager@42de465e.acquireResource() returning. 
2018-04-08 20:49:13 [com.mchange.v2.async.ThreadPoolAsynchronousRunner$PoolThread-#2] DEBUG com.mchange.v2.resourcepool.BasicResourcePool(line-1644) 990   - trace com.mchange.v2.resourcepool.BasicResourcePool@6bdf28bb [managed: 1, unused: 1, excluded: 0]
2018-04-08 20:49:13 [com.mchange.v2.async.ThreadPoolAsynchronousRunner$PoolThread-#2] DEBUG com.mchange.v2.resourcepool.BasicResourcePool(line-422) 990   - decremented pending_acquires: 2
2018-04-08 20:49:13 [com.mchange.v2.async.ThreadPoolAsynchronousRunner$PoolThread-#0] DEBUG com.mchange.v2.resourcepool.BasicResourcePool(line-1644) 994   - trace com.mchange.v2.resourcepool.BasicResourcePool@6bdf28bb [managed: 2, unused: 2, excluded: 0] (e.g. com.mchange.v2.c3p0.impl.NewPooledConnection@5724a941)
2018-04-08 20:49:13 [com.mchange.v2.async.ThreadPoolAsynchronousRunner$PoolThread-#0] DEBUG com.mchange.v2.resourcepool.BasicResourcePool(line-422) 994   - decremented pending_acquires: 1
2018-04-08 20:49:13 [main] DEBUG com.mchange.v2.resourcepool.BasicResourcePool(line-1644) 995   - trace com.mchange.v2.resourcepool.BasicResourcePool@6bdf28bb [managed: 2, unused: 1, excluded: 0] (e.g. com.mchange.v2.c3p0.impl.NewPooledConnection@5724a941)
2018-04-08 20:49:13 [com.mchange.v2.async.ThreadPoolAsynchronousRunner$PoolThread-#1] DEBUG com.mchange.v2.resourcepool.BasicResourcePool(line-1644) 995   - trace com.mchange.v2.resourcepool.BasicResourcePool@6bdf28bb [managed: 3, unused: 2, excluded: 0] (e.g. com.mchange.v2.c3p0.impl.NewPooledConnection@5724a941)
2018-04-08 20:49:13 [com.mchange.v2.async.ThreadPoolAsynchronousRunner$PoolThread-#1] DEBUG com.mchange.v2.resourcepool.BasicResourcePool(line-422) 995   - decremented pending_acquires: 0
2018-04-08 20:49:13 [main] DEBUG com.mchange.v2.resourcepool.BasicResourcePool(line-1644) 1037  - trace com.mchange.v2.resourcepool.BasicResourcePool@6bdf28bb [managed: 3, unused: 2, excluded: 0] (e.g. com.mchange.v2.c3p0.impl.NewPooledConnection@5724a941)
2018-04-08 20:49:13 [Thread-5] DEBUG com.mchange.v2.resourcepool.BasicResourcePool(line-1644) 1048  - trace com.mchange.v2.resourcepool.BasicResourcePool@6bdf28bb [managed: 3, unused: 2, excluded: 0] (e.g. com.mchange.v2.c3p0.impl.NewPooledConnection@5724a941)
2018-04-08 20:49:13 [Thread-5] DEBUG com.mchange.v2.resourcepool.BasicResourcePool(line-1644) 1055  - trace com.mchange.v2.resourcepool.BasicResourcePool@6bdf28bb [managed: 3, unused: 2, excluded: 0] (e.g. com.mchange.v2.c3p0.impl.NewPooledConnection@5724a941)
2018-04-08 20:49:13 [Thread-5] DEBUG com.mchange.v2.resourcepool.BasicResourcePool(line-1644) 1109  - trace com.mchange.v2.resourcepool.BasicResourcePool@6bdf28bb [managed: 3, unused: 2, excluded: 0] (e.g. com.mchange.v2.c3p0.impl.NewPooledConnection@5724a941)
2018-04-08 20:49:13 [Thread-5] DEBUG com.mchange.v2.resourcepool.BasicResourcePool(line-1644) 1111  - trace com.mchange.v2.resourcepool.BasicResourcePool@6bdf28bb [managed: 3, unused: 2, excluded: 0] (e.g. com.mchange.v2.c3p0.impl.NewPooledConnection@5724a941)
2018-04-08 20:49:13 [Thread-5] DEBUG com.mchange.v2.resourcepool.BasicResourcePool(line-1644) 1111  - trace com.mchange.v2.resourcepool.BasicResourcePool@6bdf28bb [managed: 3, unused: 1, excluded: 0] (e.g. com.mchange.v2.c3p0.impl.NewPooledConnection@5724a941)
2018-04-08 20:49:13 [pool-1-thread-2] DEBUG com.mchange.v2.resourcepool.BasicResourcePool(line-1644) 1112  - trace com.mchange.v2.resourcepool.BasicResourcePool@6bdf28bb [managed: 3, unused: 1, excluded: 0] (e.g. com.mchange.v2.c3p0.impl.NewPooledConnection@5724a941)
2018-04-08 20:49:13 [pool-1-thread-2] DEBUG com.mchange.v2.resourcepool.BasicResourcePool(line-1644) 1114  - trace com.mchange.v2.resourcepool.BasicResourcePool@6bdf28bb [managed: 3, unused: 1, excluded: 0] (e.g. com.mchange.v2.c3p0.impl.NewPooledConnection@5724a941)
2018-04-08 20:49:13 [pool-1-thread-2] DEBUG com.mchange.v2.resourcepool.BasicResourcePool(line-1644) 1119  - trace com.mchange.v2.resourcepool.BasicResourcePool@6bdf28bb [managed: 3, unused: 1, excluded: 0] (e.g. com.mchange.v2.c3p0.impl.NewPooledConnection@5724a941)
2018-04-08 20:49:13 [Thread-5] DEBUG com.mchange.v2.resourcepool.BasicResourcePool(line-1644) 1134  - trace com.mchange.v2.resourcepool.BasicResourcePool@6bdf28bb [managed: 3, unused: 1, excluded: 0] (e.g. com.mchange.v2.c3p0.impl.NewPooledConnection@5724a941)
2018-04-08 20:49:17 [pool-1-thread-2] DEBUG com.mchange.v2.resourcepool.BasicResourcePool(line-1644) 4730  - trace com.mchange.v2.resourcepool.BasicResourcePool@6bdf28bb [managed: 3, unused: 2, excluded: 0] (e.g. com.mchange.v2.c3p0.impl.NewPooledConnection@5724a941)
2018-04-08 20:49:17 [pool-1-thread-2] DEBUG com.dlz.mail.task.ExecuteSQL(line-68) 4768  - 压缩处理后的文件路径：/Users/wangyuelin/Documents/develop/dlz_mail/files/csv/stu.zip
2018-04-08 20:49:17 [pool-1-thread-2] DEBUG com.mchange.v2.resourcepool.BasicResourcePool(line-1644) 4768  - trace com.mchange.v2.resourcepool.BasicResourcePool@6bdf28bb [managed: 3, unused: 2, excluded: 0] (e.g. com.mchange.v2.c3p0.impl.NewPooledConnection@5724a941)
2018-04-08 20:49:17 [pool-1-thread-2] DEBUG com.mchange.v2.resourcepool.BasicResourcePool(line-1644) 4771  - trace com.mchange.v2.resourcepool.BasicResourcePool@6bdf28bb [managed: 3, unused: 2, excluded: 0] (e.g. com.mchange.v2.c3p0.impl.NewPooledConnection@5724a941)
2018-04-08 20:49:17 [pool-1-thread-2] DEBUG com.dlz.mail.task.ExecuteSQL(line-125) 4772  - 立即发送邮件：stu
2018-04-08 20:49:17 [pool-1-thread-2] DEBUG com.mchange.v2.resourcepool.BasicResourcePool(line-1644) 4772  - trace com.mchange.v2.resourcepool.BasicResourcePool@6bdf28bb [managed: 3, unused: 2, excluded: 0] (e.g. com.mchange.v2.c3p0.impl.NewPooledConnection@5724a941)
2018-04-08 20:49:17 [pool-1-thread-2] DEBUG com.mchange.v2.resourcepool.BasicResourcePool(line-1644) 4786  - trace com.mchange.v2.resourcepool.BasicResourcePool@6bdf28bb [managed: 3, unused: 2, excluded: 0] (e.g. com.mchange.v2.c3p0.impl.NewPooledConnection@5724a941)
2018-04-08 20:49:17 [pool-1-thread-2] DEBUG com.dlz.mail.task.ExecuteSQL(line-127) 5037  - 邮件：stu 发送成功
2018-04-08 20:49:17 [pool-1-thread-2] DEBUG com.mchange.v2.resourcepool.BasicResourcePool(line-1644) 5037  - trace com.mchange.v2.resourcepool.BasicResourcePool@6bdf28bb [managed: 3, unused: 2, excluded: 0] (e.g. com.mchange.v2.c3p0.impl.NewPooledConnection@5724a941)
2018-04-08 20:49:17 [pool-1-thread-2] DEBUG com.mchange.v2.resourcepool.BasicResourcePool(line-1644) 5051  - trace com.mchange.v2.resourcepool.BasicResourcePool@6bdf28bb [managed: 3, unused: 2, excluded: 0] (e.g. com.mchange.v2.c3p0.impl.NewPooledConnection@5724a941)
2018-04-08 20:51:13 [Thread-5] DEBUG com.mchange.v2.resourcepool.BasicResourcePool(line-1644) 121145  - trace com.mchange.v2.resourcepool.BasicResourcePool@6bdf28bb [managed: 3, unused: 2, excluded: 0] (e.g. com.mchange.v2.c3p0.impl.NewPooledConnection@5724a941)
2018-04-08 20:51:13 [Thread-5] DEBUG com.mchange.v2.resourcepool.BasicResourcePool(line-1644) 121148  - trace com.mchange.v2.resourcepool.BasicResourcePool@6bdf28bb [managed: 3, unused: 2, excluded: 0] (e.g. com.mchange.v2.c3p0.impl.NewPooledConnection@5724a941)
2018-04-08 20:51:13 [Thread-5] DEBUG com.mchange.v2.resourcepool.BasicResourcePool(line-1644) 121149  - trace com.mchange.v2.resourcepool.BasicResourcePool@6bdf28bb [managed: 3, unused: 2, excluded: 0] (e.g. com.mchange.v2.c3p0.impl.NewPooledConnection@5724a941)
2018-04-08 20:51:13 [Thread-5] DEBUG com.mchange.v2.resourcepool.BasicResourcePool(line-1644) 121150  - trace com.mchange.v2.resourcepool.BasicResourcePool@6bdf28bb [managed: 3, unused: 2, excluded: 0] (e.g. com.mchange.v2.c3p0.impl.NewPooledConnection@5724a941)
2018-04-08 20:51:13 [Thread-5] DEBUG com.mchange.v2.resourcepool.BasicResourcePool(line-1644) 121150  - trace com.mchange.v2.resourcepool.BasicResourcePool@6bdf28bb [managed: 3, unused: 1, excluded: 0] (e.g. com.mchange.v2.c3p0.impl.NewPooledConnection@5724a941)
2018-04-08 20:51:13 [pool-1-thread-2] DEBUG com.mchange.v2.resourcepool.BasicResourcePool(line-1644) 121151  - trace com.mchange.v2.resourcepool.BasicResourcePool@6bdf28bb [managed: 3, unused: 0, excluded: 0] (e.g. com.mchange.v2.c3p0.impl.NewPooledConnection@5724a941)
2018-04-08 20:51:13 [pool-1-thread-2] DEBUG com.mchange.v2.resourcepool.BasicResourcePool(line-1644) 121153  - trace com.mchange.v2.resourcepool.BasicResourcePool@6bdf28bb [managed: 3, unused: 1, excluded: 0] (e.g. com.mchange.v2.c3p0.impl.NewPooledConnection@5724a941)
2018-04-08 20:51:13 [pool-1-thread-2] DEBUG com.mchange.v2.resourcepool.BasicResourcePool(line-1644) 121155  - trace com.mchange.v2.resourcepool.BasicResourcePool@6bdf28bb [managed: 3, unused: 1, excluded: 0] (e.g. com.mchange.v2.c3p0.impl.NewPooledConnection@5724a941)
2018-04-08 20:51:13 [Thread-5] DEBUG com.mchange.v2.resourcepool.BasicResourcePool(line-1644) 121170  - trace com.mchange.v2.resourcepool.BasicResourcePool@6bdf28bb [managed: 3, unused: 1, excluded: 0] (e.g. com.mchange.v2.c3p0.impl.NewPooledConnection@5724a941)
2018-04-08 20:51:13 [pool-1-thread-2] DEBUG com.mchange.v2.resourcepool.BasicResourcePool(line-1644) 121172  - trace com.mchange.v2.resourcepool.BasicResourcePool@6bdf28bb [managed: 3, unused: 2, excluded: 0] (e.g. com.mchange.v2.c3p0.impl.NewPooledConnection@5724a941)
2018-04-08 20:51:13 [pool-1-thread-2] DEBUG com.dlz.mail.task.ExecuteSQL(line-68) 121174  - 压缩处理后的文件路径：/Users/wangyuelin/Documents/develop/dlz_mail/files/csv/stu.zip
2018-04-08 20:51:13 [pool-1-thread-2] DEBUG com.mchange.v2.resourcepool.BasicResourcePool(line-1644) 121174  - trace com.mchange.v2.resourcepool.BasicResourcePool@6bdf28bb [managed: 3, unused: 2, excluded: 0] (e.g. com.mchange.v2.c3p0.impl.NewPooledConnection@5724a941)
2018-04-08 20:51:13 [pool-1-thread-2] DEBUG com.mchange.v2.resourcepool.BasicResourcePool(line-1644) 121176  - trace com.mchange.v2.resourcepool.BasicResourcePool@6bdf28bb [managed: 3, unused: 2, excluded: 0] (e.g. com.mchange.v2.c3p0.impl.NewPooledConnection@5724a941)
2018-04-08 20:51:13 [pool-1-thread-2] DEBUG com.dlz.mail.task.ExecuteSQL(line-125) 121176  - 立即发送邮件：stu
2018-04-08 20:51:13 [pool-1-thread-2] DEBUG com.mchange.v2.resourcepool.BasicResourcePool(line-1644) 121176  - trace com.mchange.v2.resourcepool.BasicResourcePool@6bdf28bb [managed: 3, unused: 1, excluded: 0] (e.g. com.mchange.v2.c3p0.impl.NewPooledConnection@5724a941)
2018-04-08 20:51:13 [pool-1-thread-2] DEBUG com.mchange.v2.resourcepool.BasicResourcePool(line-1644) 121180  - trace com.mchange.v2.resourcepool.BasicResourcePool@6bdf28bb [managed: 3, unused: 2, excluded: 0] (e.g. com.mchange.v2.c3p0.impl.NewPooledConnection@5724a941)
2018-04-08 20:51:13 [pool-1-thread-2] DEBUG com.dlz.mail.task.ExecuteSQL(line-127) 121351  - 邮件：stu 发送成功
2018-04-08 20:51:13 [pool-1-thread-2] DEBUG com.mchange.v2.resourcepool.BasicResourcePool(line-1644) 121351  - trace com.mchange.v2.resourcepool.BasicResourcePool@6bdf28bb [managed: 3, unused: 2, excluded: 0] (e.g. com.mchange.v2.c3p0.impl.NewPooledConnection@5724a941)
2018-04-08 20:51:13 [pool-1-thread-2] DEBUG com.mchange.v2.resourcepool.BasicResourcePool(line-1644) 121370  - trace com.mchange.v2.resourcepool.BasicResourcePool@6bdf28bb [managed: 3, unused: 2, excluded: 0] (e.g. com.mchange.v2.c3p0.impl.NewPooledConnection@5724a941)
2018-04-08 20:51:16 [main] INFO  com.mchange.v2.log.MLog(line-80) 0     - MLog clients using log4j logging.
2018-04-08 20:51:17 [main] INFO  com.mchange.v2.c3p0.C3P0Registry(line-204) 309   - Initializing c3p0-0.9.1.1 [built 15-March-2007 01:32:31; debug? true; trace: 10]
2018-04-08 20:51:17 [main] DEBUG com.mchange.v2.c3p0.management.DynamicPooledDataSourceManagerMBean(line-236) 429   - MBean: com.mchange.v2.c3p0:type=PooledDataSource[z8kflt9u19v8r2e1x3y33v|75a1cd57] registered.
2018-04-08 20:51:17 [main] DEBUG com.mchange.v2.resourcepool.BasicResourcePool(line-404) 650   - incremented pending_acquires: 1
2018-04-08 20:51:17 [main] DEBUG com.mchange.v2.resourcepool.BasicResourcePool(line-404) 651   - incremented pending_acquires: 2
2018-04-08 20:51:17 [main] DEBUG com.mchange.v2.resourcepool.BasicResourcePool(line-404) 651   - incremented pending_acquires: 3
2018-04-08 20:51:17 [main] DEBUG com.mchange.v2.resourcepool.BasicResourcePool(line-289) 652   - com.mchange.v2.resourcepool.BasicResourcePool@6b71769e config: [start -> 3; min -> 3; max -> 15; inc -> 3; num_acq_attempts -> 30; acq_attempt_delay -> 1000; check_idle_resources_delay -> 0; mox_resource_age -> 0; max_idle_time -> 0; excess_max_idle_time -> 0; destroy_unreturned_resc_time -> 0; expiration_enforcement_delay -> 0; break_on_acquisition_failure -> false; debug_store_checkout_exceptions -> false]
2018-04-08 20:51:17 [main] INFO  com.mchange.v2.c3p0.impl.AbstractPoolBackedDataSource(line-462) 654   - Initializing c3p0 pool... com.mchange.v2.c3p0.ComboPooledDataSource [ acquireIncrement -> 3, acquireRetryAttempts -> 30, acquireRetryDelay -> 1000, autoCommitOnClose -> false, automaticTestTable -> null, breakAfterAcquireFailure -> false, checkoutTimeout -> 0, connectionCustomizerClassName -> null, connectionTesterClassName -> com.mchange.v2.c3p0.impl.DefaultConnectionTester, dataSourceName -> z8kflt9u19v8r2e1x3y33v|75a1cd57, debugUnreturnedConnectionStackTraces -> false, description -> null, driverClass -> com.mysql.cj.jdbc.Driver, factoryClassLocation -> null, forceIgnoreUnresolvedTransactions -> false, identityToken -> z8kflt9u19v8r2e1x3y33v|75a1cd57, idleConnectionTestPeriod -> 0, initialPoolSize -> 3, jdbcUrl -> jdbc:mysql://localhost:3306/dlz_mail?useUnicode=true&characterEncoding=UTF8&serverTimezone=Asia/Shanghai, lastAcquisitionFailureDefaultUser -> null, maxAdministrativeTaskTime -> 0, maxConnectionAge -> 0, maxIdleTime -> 0, maxIdleTimeExcessConnections -> 0, maxPoolSize -> 15, maxStatements -> 0, maxStatementsPerConnection -> 0, minPoolSize -> 3, numHelperThreads -> 3, numThreadsAwaitingCheckoutDefaultUser -> 0, preferredTestQuery -> null, properties -> {user=******, password=******}, propertyCycle -> 0, testConnectionOnCheckin -> false, testConnectionOnCheckout -> false, unreturnedConnectionTimeout -> 0, usesTraditionalReflectiveProxies -> false ]
2018-04-08 20:51:17 [main] DEBUG com.mchange.v2.resourcepool.BasicResourcePool(line-538) 654   - acquire test -- pool size: 0; target_pool_size: 3; desired target? 1
2018-04-08 20:51:17 [main] DEBUG com.mchange.v2.resourcepool.BasicResourcePool(line-1291) 655   - awaitAvailable(): [unknown]
2018-04-08 20:51:17 [main] DEBUG com.mchange.v2.resourcepool.BasicResourcePool(line-1644) 656   - trace com.mchange.v2.resourcepool.BasicResourcePool@6b71769e [managed: 0, unused: 0, excluded: 0]
2018-04-08 20:51:18 [com.mchange.v2.async.ThreadPoolAsynchronousRunner$PoolThread-#1] DEBUG com.mchange.v2.c3p0.impl.C3P0PooledConnectionPool(line-217) 1165  - com.mchange.v2.c3p0.impl.C3P0PooledConnectionPool$1PooledConnectionResourcePoolManager@4bd7de22.acquireResource() returning. 
2018-04-08 20:51:18 [com.mchange.v2.async.ThreadPoolAsynchronousRunner$PoolThread-#2] DEBUG com.mchange.v2.c3p0.impl.C3P0PooledConnectionPool(line-217) 1166  - com.mchange.v2.c3p0.impl.C3P0PooledConnectionPool$1PooledConnectionResourcePoolManager@4bd7de22.acquireResource() returning. 
2018-04-08 20:51:18 [com.mchange.v2.async.ThreadPoolAsynchronousRunner$PoolThread-#1] DEBUG com.mchange.v2.resourcepool.BasicResourcePool(line-1644) 1166  - trace com.mchange.v2.resourcepool.BasicResourcePool@6b71769e [managed: 1, unused: 1, excluded: 0]
2018-04-08 20:51:18 [com.mchange.v2.async.ThreadPoolAsynchronousRunner$PoolThread-#1] DEBUG com.mchange.v2.resourcepool.BasicResourcePool(line-422) 1166  - decremented pending_acquires: 2
2018-04-08 20:51:18 [com.mchange.v2.async.ThreadPoolAsynchronousRunner$PoolThread-#0] DEBUG com.mchange.v2.c3p0.impl.C3P0PooledConnectionPool(line-217) 1165  - com.mchange.v2.c3p0.impl.C3P0PooledConnectionPool$1PooledConnectionResourcePoolManager@4bd7de22.acquireResource() returning. 
2018-04-08 20:51:18 [com.mchange.v2.async.ThreadPoolAsynchronousRunner$PoolThread-#2] DEBUG com.mchange.v2.resourcepool.BasicResourcePool(line-1644) 1167  - trace com.mchange.v2.resourcepool.BasicResourcePool@6b71769e [managed: 2, unused: 2, excluded: 0] (e.g. com.mchange.v2.c3p0.impl.NewPooledConnection@1dbe20bb)
2018-04-08 20:51:18 [com.mchange.v2.async.ThreadPoolAsynchronousRunner$PoolThread-#2] DEBUG com.mchange.v2.resourcepool.BasicResourcePool(line-422) 1169  - decremented pending_acquires: 1
2018-04-08 20:51:18 [main] DEBUG com.mchange.v2.resourcepool.BasicResourcePool(line-1644) 1169  - trace com.mchange.v2.resourcepool.BasicResourcePool@6b71769e [managed: 2, unused: 1, excluded: 0] (e.g. com.mchange.v2.c3p0.impl.NewPooledConnection@1dbe20bb)
2018-04-08 20:51:18 [com.mchange.v2.async.ThreadPoolAsynchronousRunner$PoolThread-#0] DEBUG com.mchange.v2.resourcepool.BasicResourcePool(line-1644) 1172  - trace com.mchange.v2.resourcepool.BasicResourcePool@6b71769e [managed: 3, unused: 2, excluded: 0] (e.g. com.mchange.v2.c3p0.impl.NewPooledConnection@1dbe20bb)
2018-04-08 20:51:18 [com.mchange.v2.async.ThreadPoolAsynchronousRunner$PoolThread-#0] DEBUG com.mchange.v2.resourcepool.BasicResourcePool(line-422) 1173  - decremented pending_acquires: 0
2018-04-08 20:51:18 [main] DEBUG com.mchange.v2.resourcepool.BasicResourcePool(line-1644) 1200  - trace com.mchange.v2.resourcepool.BasicResourcePool@6b71769e [managed: 3, unused: 2, excluded: 0] (e.g. com.mchange.v2.c3p0.impl.NewPooledConnection@1dbe20bb)
2018-04-08 20:51:18 [Thread-5] DEBUG com.mchange.v2.resourcepool.BasicResourcePool(line-1644) 1206  - trace com.mchange.v2.resourcepool.BasicResourcePool@6b71769e [managed: 3, unused: 2, excluded: 0] (e.g. com.mchange.v2.c3p0.impl.NewPooledConnection@1dbe20bb)
2018-04-08 20:51:18 [Thread-5] DEBUG com.mchange.v2.resourcepool.BasicResourcePool(line-1644) 1212  - trace com.mchange.v2.resourcepool.BasicResourcePool@6b71769e [managed: 3, unused: 2, excluded: 0] (e.g. com.mchange.v2.c3p0.impl.NewPooledConnection@1dbe20bb)
2018-04-08 20:51:18 [Thread-5] DEBUG com.mchange.v2.resourcepool.BasicResourcePool(line-1644) 1290  - trace com.mchange.v2.resourcepool.BasicResourcePool@6b71769e [managed: 3, unused: 2, excluded: 0] (e.g. com.mchange.v2.c3p0.impl.NewPooledConnection@1dbe20bb)
2018-04-08 20:51:18 [Thread-5] DEBUG com.mchange.v2.resourcepool.BasicResourcePool(line-1644) 1295  - trace com.mchange.v2.resourcepool.BasicResourcePool@6b71769e [managed: 3, unused: 2, excluded: 0] (e.g. com.mchange.v2.c3p0.impl.NewPooledConnection@1dbe20bb)
2018-04-08 20:51:18 [Thread-5] DEBUG com.mchange.v2.resourcepool.BasicResourcePool(line-1644) 1295  - trace com.mchange.v2.resourcepool.BasicResourcePool@6b71769e [managed: 3, unused: 1, excluded: 0] (e.g. com.mchange.v2.c3p0.impl.NewPooledConnection@1dbe20bb)
2018-04-08 20:51:18 [pool-1-thread-2] DEBUG com.mchange.v2.resourcepool.BasicResourcePool(line-1644) 1296  - trace com.mchange.v2.resourcepool.BasicResourcePool@6b71769e [managed: 3, unused: 0, excluded: 0] (e.g. com.mchange.v2.c3p0.impl.NewPooledConnection@1dbe20bb)
2018-04-08 20:51:18 [pool-1-thread-2] DEBUG com.mchange.v2.resourcepool.BasicResourcePool(line-1644) 1298  - trace com.mchange.v2.resourcepool.BasicResourcePool@6b71769e [managed: 3, unused: 1, excluded: 0] (e.g. com.mchange.v2.c3p0.impl.NewPooledConnection@1dbe20bb)
2018-04-08 20:51:18 [pool-1-thread-2] DEBUG com.mchange.v2.resourcepool.BasicResourcePool(line-1644) 1303  - trace com.mchange.v2.resourcepool.BasicResourcePool@6b71769e [managed: 3, unused: 1, excluded: 0] (e.g. com.mchange.v2.c3p0.impl.NewPooledConnection@1dbe20bb)
2018-04-08 20:51:18 [Thread-5] DEBUG com.mchange.v2.resourcepool.BasicResourcePool(line-1644) 1311  - trace com.mchange.v2.resourcepool.BasicResourcePool@6b71769e [managed: 3, unused: 1, excluded: 0] (e.g. com.mchange.v2.c3p0.impl.NewPooledConnection@1dbe20bb)
2018-04-08 20:51:21 [pool-1-thread-2] DEBUG com.mchange.v2.resourcepool.BasicResourcePool(line-1644) 4676  - trace com.mchange.v2.resourcepool.BasicResourcePool@6b71769e [managed: 3, unused: 2, excluded: 0] (e.g. com.mchange.v2.c3p0.impl.NewPooledConnection@1dbe20bb)
2018-04-08 20:51:21 [pool-1-thread-2] DEBUG com.dlz.mail.task.ExecuteSQL(line-68) 4714  - 压缩处理后的文件路径：/Users/wangyuelin/Documents/develop/dlz_mail/files/csv/stu.zip
2018-04-08 20:51:21 [pool-1-thread-2] DEBUG com.mchange.v2.resourcepool.BasicResourcePool(line-1644) 4714  - trace com.mchange.v2.resourcepool.BasicResourcePool@6b71769e [managed: 3, unused: 2, excluded: 0] (e.g. com.mchange.v2.c3p0.impl.NewPooledConnection@1dbe20bb)
2018-04-08 20:51:21 [pool-1-thread-2] DEBUG com.mchange.v2.resourcepool.BasicResourcePool(line-1644) 4716  - trace com.mchange.v2.resourcepool.BasicResourcePool@6b71769e [managed: 3, unused: 2, excluded: 0] (e.g. com.mchange.v2.c3p0.impl.NewPooledConnection@1dbe20bb)
2018-04-08 20:51:21 [pool-1-thread-2] DEBUG com.dlz.mail.task.ExecuteSQL(line-125) 4717  - 立即发送邮件：stu
2018-04-08 20:51:21 [pool-1-thread-2] DEBUG com.mchange.v2.resourcepool.BasicResourcePool(line-1644) 4717  - trace com.mchange.v2.resourcepool.BasicResourcePool@6b71769e [managed: 3, unused: 1, excluded: 0] (e.g. com.mchange.v2.c3p0.impl.NewPooledConnection@1dbe20bb)
2018-04-08 20:51:21 [pool-1-thread-2] DEBUG com.mchange.v2.resourcepool.BasicResourcePool(line-1644) 4719  - trace com.mchange.v2.resourcepool.BasicResourcePool@6b71769e [managed: 3, unused: 2, excluded: 0] (e.g. com.mchange.v2.c3p0.impl.NewPooledConnection@1dbe20bb)
2018-04-08 20:51:21 [pool-1-thread-2] DEBUG com.dlz.mail.task.ExecuteSQL(line-127) 4984  - 邮件：stu 发送成功
2018-04-08 20:51:21 [pool-1-thread-2] DEBUG com.mchange.v2.resourcepool.BasicResourcePool(line-1644) 4984  - trace com.mchange.v2.resourcepool.BasicResourcePool@6b71769e [managed: 3, unused: 2, excluded: 0] (e.g. com.mchange.v2.c3p0.impl.NewPooledConnection@1dbe20bb)
2018-04-08 20:51:21 [pool-1-thread-2] DEBUG com.mchange.v2.resourcepool.BasicResourcePool(line-1644) 5007  - trace com.mchange.v2.resourcepool.BasicResourcePool@6b71769e [managed: 3, unused: 2, excluded: 0] (e.g. com.mchange.v2.c3p0.impl.NewPooledConnection@1dbe20bb)
2018-04-08 20:51:54 [main] INFO  com.mchange.v2.log.MLog(line-80) 0     - MLog clients using log4j logging.
2018-04-08 20:51:54 [main] INFO  com.mchange.v2.c3p0.C3P0Registry(line-204) 301   - Initializing c3p0-0.9.1.1 [built 15-March-2007 01:32:31; debug? true; trace: 10]
2018-04-08 20:51:54 [main] DEBUG com.mchange.v2.c3p0.management.DynamicPooledDataSourceManagerMBean(line-236) 338   - MBean: com.mchange.v2.c3p0:type=PooledDataSource[z8kflt9u19v9jus12fihg7|1ee0005] registered.
2018-04-08 20:51:54 [main] DEBUG com.mchange.v2.resourcepool.BasicResourcePool(line-404) 528   - incremented pending_acquires: 1
2018-04-08 20:51:54 [main] DEBUG com.mchange.v2.resourcepool.BasicResourcePool(line-404) 530   - incremented pending_acquires: 2
2018-04-08 20:51:54 [main] DEBUG com.mchange.v2.resourcepool.BasicResourcePool(line-404) 532   - incremented pending_acquires: 3
2018-04-08 20:51:54 [main] DEBUG com.mchange.v2.resourcepool.BasicResourcePool(line-289) 534   - com.mchange.v2.resourcepool.BasicResourcePool@6bdf28bb config: [start -> 3; min -> 3; max -> 15; inc -> 3; num_acq_attempts -> 30; acq_attempt_delay -> 1000; check_idle_resources_delay -> 0; mox_resource_age -> 0; max_idle_time -> 0; excess_max_idle_time -> 0; destroy_unreturned_resc_time -> 0; expiration_enforcement_delay -> 0; break_on_acquisition_failure -> false; debug_store_checkout_exceptions -> false]
2018-04-08 20:51:54 [main] INFO  com.mchange.v2.c3p0.impl.AbstractPoolBackedDataSource(line-462) 541   - Initializing c3p0 pool... com.mchange.v2.c3p0.ComboPooledDataSource [ acquireIncrement -> 3, acquireRetryAttempts -> 30, acquireRetryDelay -> 1000, autoCommitOnClose -> false, automaticTestTable -> null, breakAfterAcquireFailure -> false, checkoutTimeout -> 0, connectionCustomizerClassName -> null, connectionTesterClassName -> com.mchange.v2.c3p0.impl.DefaultConnectionTester, dataSourceName -> z8kflt9u19v9jus12fihg7|1ee0005, debugUnreturnedConnectionStackTraces -> false, description -> null, driverClass -> com.mysql.cj.jdbc.Driver, factoryClassLocation -> null, forceIgnoreUnresolvedTransactions -> false, identityToken -> z8kflt9u19v9jus12fihg7|1ee0005, idleConnectionTestPeriod -> 0, initialPoolSize -> 3, jdbcUrl -> jdbc:mysql://localhost:3306/dlz_mail?useUnicode=true&characterEncoding=UTF8&serverTimezone=Asia/Shanghai, lastAcquisitionFailureDefaultUser -> null, maxAdministrativeTaskTime -> 0, maxConnectionAge -> 0, maxIdleTime -> 0, maxIdleTimeExcessConnections -> 0, maxPoolSize -> 15, maxStatements -> 0, maxStatementsPerConnection -> 0, minPoolSize -> 3, numHelperThreads -> 3, numThreadsAwaitingCheckoutDefaultUser -> 0, preferredTestQuery -> null, properties -> {user=******, password=******}, propertyCycle -> 0, testConnectionOnCheckin -> false, testConnectionOnCheckout -> false, unreturnedConnectionTimeout -> 0, usesTraditionalReflectiveProxies -> false ]
2018-04-08 20:51:54 [main] DEBUG com.mchange.v2.resourcepool.BasicResourcePool(line-538) 542   - acquire test -- pool size: 0; target_pool_size: 3; desired target? 1
2018-04-08 20:51:54 [main] DEBUG com.mchange.v2.resourcepool.BasicResourcePool(line-1291) 545   - awaitAvailable(): [unknown]
2018-04-08 20:51:54 [main] DEBUG com.mchange.v2.resourcepool.BasicResourcePool(line-1644) 545   - trace com.mchange.v2.resourcepool.BasicResourcePool@6bdf28bb [managed: 0, unused: 0, excluded: 0]
2018-04-08 20:51:55 [com.mchange.v2.async.ThreadPoolAsynchronousRunner$PoolThread-#2] DEBUG com.mchange.v2.c3p0.impl.C3P0PooledConnectionPool(line-217) 1121  - com.mchange.v2.c3p0.impl.C3P0PooledConnectionPool$1PooledConnectionResourcePoolManager@40449e2e.acquireResource() returning. 
2018-04-08 20:51:55 [com.mchange.v2.async.ThreadPoolAsynchronousRunner$PoolThread-#1] DEBUG com.mchange.v2.c3p0.impl.C3P0PooledConnectionPool(line-217) 1121  - com.mchange.v2.c3p0.impl.C3P0PooledConnectionPool$1PooledConnectionResourcePoolManager@40449e2e.acquireResource() returning. 
2018-04-08 20:51:55 [com.mchange.v2.async.ThreadPoolAsynchronousRunner$PoolThread-#0] DEBUG com.mchange.v2.c3p0.impl.C3P0PooledConnectionPool(line-217) 1121  - com.mchange.v2.c3p0.impl.C3P0PooledConnectionPool$1PooledConnectionResourcePoolManager@40449e2e.acquireResource() returning. 
2018-04-08 20:51:55 [com.mchange.v2.async.ThreadPoolAsynchronousRunner$PoolThread-#2] DEBUG com.mchange.v2.resourcepool.BasicResourcePool(line-1644) 1122  - trace com.mchange.v2.resourcepool.BasicResourcePool@6bdf28bb [managed: 1, unused: 1, excluded: 0]
2018-04-08 20:51:55 [com.mchange.v2.async.ThreadPoolAsynchronousRunner$PoolThread-#2] DEBUG com.mchange.v2.resourcepool.BasicResourcePool(line-422) 1123  - decremented pending_acquires: 2
2018-04-08 20:51:55 [com.mchange.v2.async.ThreadPoolAsynchronousRunner$PoolThread-#0] DEBUG com.mchange.v2.resourcepool.BasicResourcePool(line-1644) 1125  - trace com.mchange.v2.resourcepool.BasicResourcePool@6bdf28bb [managed: 2, unused: 2, excluded: 0] (e.g. com.mchange.v2.c3p0.impl.NewPooledConnection@eedd727)
2018-04-08 20:51:55 [com.mchange.v2.async.ThreadPoolAsynchronousRunner$PoolThread-#0] DEBUG com.mchange.v2.resourcepool.BasicResourcePool(line-422) 1125  - decremented pending_acquires: 1
2018-04-08 20:51:55 [com.mchange.v2.async.ThreadPoolAsynchronousRunner$PoolThread-#1] DEBUG com.mchange.v2.resourcepool.BasicResourcePool(line-1644) 1125  - trace com.mchange.v2.resourcepool.BasicResourcePool@6bdf28bb [managed: 3, unused: 3, excluded: 0] (e.g. com.mchange.v2.c3p0.impl.NewPooledConnection@eedd727)
2018-04-08 20:51:55 [com.mchange.v2.async.ThreadPoolAsynchronousRunner$PoolThread-#1] DEBUG com.mchange.v2.resourcepool.BasicResourcePool(line-422) 1125  - decremented pending_acquires: 0
2018-04-08 20:51:55 [main] DEBUG com.mchange.v2.resourcepool.BasicResourcePool(line-1644) 1126  - trace com.mchange.v2.resourcepool.BasicResourcePool@6bdf28bb [managed: 3, unused: 2, excluded: 0] (e.g. com.mchange.v2.c3p0.impl.NewPooledConnection@eedd727)
2018-04-08 20:51:55 [main] DEBUG com.mchange.v2.resourcepool.BasicResourcePool(line-1644) 1150  - trace com.mchange.v2.resourcepool.BasicResourcePool@6bdf28bb [managed: 3, unused: 2, excluded: 0] (e.g. com.mchange.v2.c3p0.impl.NewPooledConnection@eedd727)
2018-04-08 20:51:55 [Thread-5] DEBUG com.mchange.v2.resourcepool.BasicResourcePool(line-1644) 1156  - trace com.mchange.v2.resourcepool.BasicResourcePool@6bdf28bb [managed: 3, unused: 2, excluded: 0] (e.g. com.mchange.v2.c3p0.impl.NewPooledConnection@eedd727)
2018-04-08 20:51:55 [Thread-5] DEBUG com.mchange.v2.resourcepool.BasicResourcePool(line-1644) 1161  - trace com.mchange.v2.resourcepool.BasicResourcePool@6bdf28bb [managed: 3, unused: 2, excluded: 0] (e.g. com.mchange.v2.c3p0.impl.NewPooledConnection@eedd727)
2018-04-08 20:51:55 [Thread-5] DEBUG com.mchange.v2.resourcepool.BasicResourcePool(line-1644) 1231  - trace com.mchange.v2.resourcepool.BasicResourcePool@6bdf28bb [managed: 3, unused: 2, excluded: 0] (e.g. com.mchange.v2.c3p0.impl.NewPooledConnection@eedd727)
2018-04-08 20:51:55 [Thread-5] DEBUG com.mchange.v2.resourcepool.BasicResourcePool(line-1644) 1233  - trace com.mchange.v2.resourcepool.BasicResourcePool@6bdf28bb [managed: 3, unused: 2, excluded: 0] (e.g. com.mchange.v2.c3p0.impl.NewPooledConnection@eedd727)
2018-04-08 20:51:55 [Thread-5] DEBUG com.mchange.v2.resourcepool.BasicResourcePool(line-1644) 1233  - trace com.mchange.v2.resourcepool.BasicResourcePool@6bdf28bb [managed: 3, unused: 1, excluded: 0] (e.g. com.mchange.v2.c3p0.impl.NewPooledConnection@eedd727)
2018-04-08 20:51:55 [pool-1-thread-2] DEBUG com.mchange.v2.resourcepool.BasicResourcePool(line-1644) 1234  - trace com.mchange.v2.resourcepool.BasicResourcePool@6bdf28bb [managed: 3, unused: 1, excluded: 0] (e.g. com.mchange.v2.c3p0.impl.NewPooledConnection@eedd727)
2018-04-08 20:51:55 [pool-1-thread-2] DEBUG com.mchange.v2.resourcepool.BasicResourcePool(line-1644) 1236  - trace com.mchange.v2.resourcepool.BasicResourcePool@6bdf28bb [managed: 3, unused: 1, excluded: 0] (e.g. com.mchange.v2.c3p0.impl.NewPooledConnection@eedd727)
2018-04-08 20:51:55 [pool-1-thread-2] DEBUG com.mchange.v2.resourcepool.BasicResourcePool(line-1644) 1241  - trace com.mchange.v2.resourcepool.BasicResourcePool@6bdf28bb [managed: 3, unused: 1, excluded: 0] (e.g. com.mchange.v2.c3p0.impl.NewPooledConnection@eedd727)
2018-04-08 20:51:55 [Thread-5] DEBUG com.mchange.v2.resourcepool.BasicResourcePool(line-1644) 1256  - trace com.mchange.v2.resourcepool.BasicResourcePool@6bdf28bb [managed: 3, unused: 1, excluded: 0] (e.g. com.mchange.v2.c3p0.impl.NewPooledConnection@eedd727)
2018-04-08 20:51:58 [pool-1-thread-2] DEBUG com.mchange.v2.resourcepool.BasicResourcePool(line-1644) 4590  - trace com.mchange.v2.resourcepool.BasicResourcePool@6bdf28bb [managed: 3, unused: 2, excluded: 0] (e.g. com.mchange.v2.c3p0.impl.NewPooledConnection@eedd727)
2018-04-08 20:51:58 [pool-1-thread-2] DEBUG com.dlz.mail.task.ExecuteSQL(line-68) 4640  - 压缩处理后的文件路径：/Users/wangyuelin/Documents/develop/dlz_mail/files/csv/stu.zip
2018-04-08 20:51:58 [pool-1-thread-2] DEBUG com.mchange.v2.resourcepool.BasicResourcePool(line-1644) 4641  - trace com.mchange.v2.resourcepool.BasicResourcePool@6bdf28bb [managed: 3, unused: 2, excluded: 0] (e.g. com.mchange.v2.c3p0.impl.NewPooledConnection@eedd727)
2018-04-08 20:51:58 [pool-1-thread-2] DEBUG com.mchange.v2.resourcepool.BasicResourcePool(line-1644) 4642  - trace com.mchange.v2.resourcepool.BasicResourcePool@6bdf28bb [managed: 3, unused: 2, excluded: 0] (e.g. com.mchange.v2.c3p0.impl.NewPooledConnection@eedd727)
2018-04-08 20:51:58 [pool-1-thread-2] DEBUG com.dlz.mail.task.ExecuteSQL(line-125) 4643  - 立即发送邮件：stu
2018-04-08 20:51:58 [pool-1-thread-2] DEBUG com.mchange.v2.resourcepool.BasicResourcePool(line-1644) 4643  - trace com.mchange.v2.resourcepool.BasicResourcePool@6bdf28bb [managed: 3, unused: 2, excluded: 0] (e.g. com.mchange.v2.c3p0.impl.NewPooledConnection@eedd727)
2018-04-08 20:51:58 [pool-1-thread-2] DEBUG com.mchange.v2.resourcepool.BasicResourcePool(line-1644) 4645  - trace com.mchange.v2.resourcepool.BasicResourcePool@6bdf28bb [managed: 3, unused: 2, excluded: 0] (e.g. com.mchange.v2.c3p0.impl.NewPooledConnection@eedd727)
2018-04-08 20:51:59 [pool-1-thread-2] DEBUG com.dlz.mail.task.ExecuteSQL(line-127) 4925  - 邮件：stu 发送成功
2018-04-08 20:51:59 [pool-1-thread-2] DEBUG com.mchange.v2.resourcepool.BasicResourcePool(line-1644) 4925  - trace com.mchange.v2.resourcepool.BasicResourcePool@6bdf28bb [managed: 3, unused: 2, excluded: 0] (e.g. com.mchange.v2.c3p0.impl.NewPooledConnection@eedd727)
2018-04-08 20:51:59 [pool-1-thread-2] DEBUG com.mchange.v2.resourcepool.BasicResourcePool(line-1644) 4955  - trace com.mchange.v2.resourcepool.BasicResourcePool@6bdf28bb [managed: 3, unused: 2, excluded: 0] (e.g. com.mchange.v2.c3p0.impl.NewPooledConnection@eedd727)
2018-04-08 20:53:26 [main] INFO  com.mchange.v2.log.MLog(line-80) 0     - MLog clients using log4j logging.
2018-04-08 20:53:26 [main] INFO  com.mchange.v2.c3p0.C3P0Registry(line-204) 451   - Initializing c3p0-0.9.1.1 [built 15-March-2007 01:32:31; debug? true; trace: 10]
2018-04-08 20:53:26 [main] DEBUG com.mchange.v2.c3p0.management.DynamicPooledDataSourceManagerMBean(line-236) 497   - MBean: com.mchange.v2.c3p0:type=PooledDataSource[z8kflt9u19vbinem1bh6w|1ee0005] registered.
2018-04-08 20:53:26 [main] DEBUG com.mchange.v2.resourcepool.BasicResourcePool(line-404) 765   - incremented pending_acquires: 1
2018-04-08 20:53:26 [main] DEBUG com.mchange.v2.resourcepool.BasicResourcePool(line-404) 765   - incremented pending_acquires: 2
2018-04-08 20:53:26 [main] DEBUG com.mchange.v2.resourcepool.BasicResourcePool(line-404) 765   - incremented pending_acquires: 3
2018-04-08 20:53:26 [main] DEBUG com.mchange.v2.resourcepool.BasicResourcePool(line-289) 766   - com.mchange.v2.resourcepool.BasicResourcePool@6bdf28bb config: [start -> 3; min -> 3; max -> 15; inc -> 3; num_acq_attempts -> 30; acq_attempt_delay -> 1000; check_idle_resources_delay -> 0; mox_resource_age -> 0; max_idle_time -> 0; excess_max_idle_time -> 0; destroy_unreturned_resc_time -> 0; expiration_enforcement_delay -> 0; break_on_acquisition_failure -> false; debug_store_checkout_exceptions -> false]
2018-04-08 20:53:26 [main] INFO  com.mchange.v2.c3p0.impl.AbstractPoolBackedDataSource(line-462) 767   - Initializing c3p0 pool... com.mchange.v2.c3p0.ComboPooledDataSource [ acquireIncrement -> 3, acquireRetryAttempts -> 30, acquireRetryDelay -> 1000, autoCommitOnClose -> false, automaticTestTable -> null, breakAfterAcquireFailure -> false, checkoutTimeout -> 0, connectionCustomizerClassName -> null, connectionTesterClassName -> com.mchange.v2.c3p0.impl.DefaultConnectionTester, dataSourceName -> z8kflt9u19vbinem1bh6w|1ee0005, debugUnreturnedConnectionStackTraces -> false, description -> null, driverClass -> com.mysql.cj.jdbc.Driver, factoryClassLocation -> null, forceIgnoreUnresolvedTransactions -> false, identityToken -> z8kflt9u19vbinem1bh6w|1ee0005, idleConnectionTestPeriod -> 0, initialPoolSize -> 3, jdbcUrl -> jdbc:mysql://localhost:3306/dlz_mail?useUnicode=true&characterEncoding=UTF8&serverTimezone=Asia/Shanghai, lastAcquisitionFailureDefaultUser -> null, maxAdministrativeTaskTime -> 0, maxConnectionAge -> 0, maxIdleTime -> 0, maxIdleTimeExcessConnections -> 0, maxPoolSize -> 15, maxStatements -> 0, maxStatementsPerConnection -> 0, minPoolSize -> 3, numHelperThreads -> 3, numThreadsAwaitingCheckoutDefaultUser -> 0, preferredTestQuery -> null, properties -> {user=******, password=******}, propertyCycle -> 0, testConnectionOnCheckin -> false, testConnectionOnCheckout -> false, unreturnedConnectionTimeout -> 0, usesTraditionalReflectiveProxies -> false ]
2018-04-08 20:53:26 [main] DEBUG com.mchange.v2.resourcepool.BasicResourcePool(line-538) 767   - acquire test -- pool size: 0; target_pool_size: 3; desired target? 1
2018-04-08 20:53:26 [main] DEBUG com.mchange.v2.resourcepool.BasicResourcePool(line-1291) 768   - awaitAvailable(): [unknown]
2018-04-08 20:53:26 [main] DEBUG com.mchange.v2.resourcepool.BasicResourcePool(line-1644) 768   - trace com.mchange.v2.resourcepool.BasicResourcePool@6bdf28bb [managed: 0, unused: 0, excluded: 0]
2018-04-08 20:53:27 [com.mchange.v2.async.ThreadPoolAsynchronousRunner$PoolThread-#2] DEBUG com.mchange.v2.c3p0.impl.C3P0PooledConnectionPool(line-217) 1606  - com.mchange.v2.c3p0.impl.C3P0PooledConnectionPool$1PooledConnectionResourcePoolManager@566485d2.acquireResource() returning. 
2018-04-08 20:53:27 [com.mchange.v2.async.ThreadPoolAsynchronousRunner$PoolThread-#1] DEBUG com.mchange.v2.c3p0.impl.C3P0PooledConnectionPool(line-217) 1606  - com.mchange.v2.c3p0.impl.C3P0PooledConnectionPool$1PooledConnectionResourcePoolManager@566485d2.acquireResource() returning. 
2018-04-08 20:53:27 [com.mchange.v2.async.ThreadPoolAsynchronousRunner$PoolThread-#0] DEBUG com.mchange.v2.c3p0.impl.C3P0PooledConnectionPool(line-217) 1607  - com.mchange.v2.c3p0.impl.C3P0PooledConnectionPool$1PooledConnectionResourcePoolManager@566485d2.acquireResource() returning. 
2018-04-08 20:53:27 [com.mchange.v2.async.ThreadPoolAsynchronousRunner$PoolThread-#2] DEBUG com.mchange.v2.resourcepool.BasicResourcePool(line-1644) 1607  - trace com.mchange.v2.resourcepool.BasicResourcePool@6bdf28bb [managed: 1, unused: 1, excluded: 0]
2018-04-08 20:53:27 [com.mchange.v2.async.ThreadPoolAsynchronousRunner$PoolThread-#2] DEBUG com.mchange.v2.resourcepool.BasicResourcePool(line-422) 1607  - decremented pending_acquires: 2
2018-04-08 20:53:27 [com.mchange.v2.async.ThreadPoolAsynchronousRunner$PoolThread-#0] DEBUG com.mchange.v2.resourcepool.BasicResourcePool(line-1644) 1625  - trace com.mchange.v2.resourcepool.BasicResourcePool@6bdf28bb [managed: 2, unused: 2, excluded: 0] (e.g. com.mchange.v2.c3p0.impl.NewPooledConnection@5edf49dc)
2018-04-08 20:53:27 [com.mchange.v2.async.ThreadPoolAsynchronousRunner$PoolThread-#0] DEBUG com.mchange.v2.resourcepool.BasicResourcePool(line-422) 1626  - decremented pending_acquires: 1
2018-04-08 20:53:27 [main] DEBUG com.mchange.v2.resourcepool.BasicResourcePool(line-1644) 1626  - trace com.mchange.v2.resourcepool.BasicResourcePool@6bdf28bb [managed: 2, unused: 1, excluded: 0] (e.g. com.mchange.v2.c3p0.impl.NewPooledConnection@5edf49dc)
2018-04-08 20:53:27 [com.mchange.v2.async.ThreadPoolAsynchronousRunner$PoolThread-#1] DEBUG com.mchange.v2.resourcepool.BasicResourcePool(line-1644) 1627  - trace com.mchange.v2.resourcepool.BasicResourcePool@6bdf28bb [managed: 3, unused: 2, excluded: 0] (e.g. com.mchange.v2.c3p0.impl.NewPooledConnection@5edf49dc)
2018-04-08 20:53:27 [com.mchange.v2.async.ThreadPoolAsynchronousRunner$PoolThread-#1] DEBUG com.mchange.v2.resourcepool.BasicResourcePool(line-422) 1634  - decremented pending_acquires: 0
2018-04-08 20:53:27 [main] DEBUG com.mchange.v2.resourcepool.BasicResourcePool(line-1644) 1668  - trace com.mchange.v2.resourcepool.BasicResourcePool@6bdf28bb [managed: 3, unused: 2, excluded: 0] (e.g. com.mchange.v2.c3p0.impl.NewPooledConnection@5edf49dc)
2018-04-08 20:53:27 [Thread-5] DEBUG com.mchange.v2.resourcepool.BasicResourcePool(line-1644) 1686  - trace com.mchange.v2.resourcepool.BasicResourcePool@6bdf28bb [managed: 3, unused: 2, excluded: 0] (e.g. com.mchange.v2.c3p0.impl.NewPooledConnection@5edf49dc)
2018-04-08 20:53:27 [Thread-5] DEBUG com.mchange.v2.resourcepool.BasicResourcePool(line-1644) 1699  - trace com.mchange.v2.resourcepool.BasicResourcePool@6bdf28bb [managed: 3, unused: 2, excluded: 0] (e.g. com.mchange.v2.c3p0.impl.NewPooledConnection@5edf49dc)
2018-04-08 20:53:27 [Thread-5] DEBUG com.mchange.v2.resourcepool.BasicResourcePool(line-1644) 1903  - trace com.mchange.v2.resourcepool.BasicResourcePool@6bdf28bb [managed: 3, unused: 2, excluded: 0] (e.g. com.mchange.v2.c3p0.impl.NewPooledConnection@5edf49dc)
2018-04-08 20:53:27 [Thread-5] DEBUG com.mchange.v2.resourcepool.BasicResourcePool(line-1644) 1906  - trace com.mchange.v2.resourcepool.BasicResourcePool@6bdf28bb [managed: 3, unused: 2, excluded: 0] (e.g. com.mchange.v2.c3p0.impl.NewPooledConnection@5edf49dc)
2018-04-08 20:53:27 [pool-1-thread-2] DEBUG com.mchange.v2.resourcepool.BasicResourcePool(line-1644) 1908  - trace com.mchange.v2.resourcepool.BasicResourcePool@6bdf28bb [managed: 3, unused: 1, excluded: 0] (e.g. com.mchange.v2.c3p0.impl.NewPooledConnection@5edf49dc)
2018-04-08 20:53:27 [pool-1-thread-2] DEBUG com.mchange.v2.resourcepool.BasicResourcePool(line-1644) 1911  - trace com.mchange.v2.resourcepool.BasicResourcePool@6bdf28bb [managed: 3, unused: 1, excluded: 0] (e.g. com.mchange.v2.c3p0.impl.NewPooledConnection@5edf49dc)
2018-04-08 20:53:27 [Thread-5] DEBUG com.mchange.v2.resourcepool.BasicResourcePool(line-1644) 1912  - trace com.mchange.v2.resourcepool.BasicResourcePool@6bdf28bb [managed: 3, unused: 2, excluded: 0] (e.g. com.mchange.v2.c3p0.impl.NewPooledConnection@5edf49dc)
2018-04-08 20:53:27 [pool-1-thread-2] DEBUG com.mchange.v2.resourcepool.BasicResourcePool(line-1644) 1916  - trace com.mchange.v2.resourcepool.BasicResourcePool@6bdf28bb [managed: 3, unused: 1, excluded: 0] (e.g. com.mchange.v2.c3p0.impl.NewPooledConnection@5edf49dc)
2018-04-08 20:53:28 [Thread-5] DEBUG com.mchange.v2.resourcepool.BasicResourcePool(line-1644) 1941  - trace com.mchange.v2.resourcepool.BasicResourcePool@6bdf28bb [managed: 3, unused: 1, excluded: 0] (e.g. com.mchange.v2.c3p0.impl.NewPooledConnection@5edf49dc)
2018-04-08 20:53:34 [pool-1-thread-2] DEBUG com.mchange.v2.resourcepool.BasicResourcePool(line-1644) 8423  - trace com.mchange.v2.resourcepool.BasicResourcePool@6bdf28bb [managed: 3, unused: 2, excluded: 0] (e.g. com.mchange.v2.c3p0.impl.NewPooledConnection@5edf49dc)
2018-04-08 20:53:34 [pool-1-thread-2] DEBUG com.dlz.mail.task.ExecuteSQL(line-68) 8554  - 压缩处理后的文件路径：/Users/wangyuelin/Documents/develop/dlz_mail/files/csv/stu.zip
2018-04-08 20:53:34 [pool-1-thread-2] DEBUG com.mchange.v2.resourcepool.BasicResourcePool(line-1644) 8555  - trace com.mchange.v2.resourcepool.BasicResourcePool@6bdf28bb [managed: 3, unused: 2, excluded: 0] (e.g. com.mchange.v2.c3p0.impl.NewPooledConnection@5edf49dc)
2018-04-08 20:53:34 [pool-1-thread-2] DEBUG com.mchange.v2.resourcepool.BasicResourcePool(line-1644) 8579  - trace com.mchange.v2.resourcepool.BasicResourcePool@6bdf28bb [managed: 3, unused: 2, excluded: 0] (e.g. com.mchange.v2.c3p0.impl.NewPooledConnection@5edf49dc)
2018-04-08 20:53:34 [pool-1-thread-2] DEBUG com.dlz.mail.task.ExecuteSQL(line-125) 8581  - 立即发送邮件：stu
2018-04-08 20:53:34 [pool-1-thread-2] DEBUG com.mchange.v2.resourcepool.BasicResourcePool(line-1644) 8585  - trace com.mchange.v2.resourcepool.BasicResourcePool@6bdf28bb [managed: 3, unused: 2, excluded: 0] (e.g. com.mchange.v2.c3p0.impl.NewPooledConnection@5edf49dc)
2018-04-08 20:53:34 [pool-1-thread-2] DEBUG com.mchange.v2.resourcepool.BasicResourcePool(line-1644) 8588  - trace com.mchange.v2.resourcepool.BasicResourcePool@6bdf28bb [managed: 3, unused: 2, excluded: 0] (e.g. com.mchange.v2.c3p0.impl.NewPooledConnection@5edf49dc)
2018-04-08 20:53:35 [pool-1-thread-2] DEBUG com.dlz.mail.task.ExecuteSQL(line-127) 9088  - 邮件：stu 发送成功
2018-04-08 20:53:35 [pool-1-thread-2] DEBUG com.mchange.v2.resourcepool.BasicResourcePool(line-1644) 9088  - trace com.mchange.v2.resourcepool.BasicResourcePool@6bdf28bb [managed: 3, unused: 2, excluded: 0] (e.g. com.mchange.v2.c3p0.impl.NewPooledConnection@5edf49dc)
2018-04-08 20:53:35 [pool-1-thread-2] DEBUG com.mchange.v2.resourcepool.BasicResourcePool(line-1644) 9114  - trace com.mchange.v2.resourcepool.BasicResourcePool@6bdf28bb [managed: 3, unused: 2, excluded: 0] (e.g. com.mchange.v2.c3p0.impl.NewPooledConnection@5edf49dc)
2018-04-08 20:55:28 [Thread-5] DEBUG com.mchange.v2.resourcepool.BasicResourcePool(line-1644) 121948  - trace com.mchange.v2.resourcepool.BasicResourcePool@6bdf28bb [managed: 3, unused: 2, excluded: 0] (e.g. com.mchange.v2.c3p0.impl.NewPooledConnection@5edf49dc)
2018-04-08 20:55:28 [Thread-5] DEBUG com.mchange.v2.resourcepool.BasicResourcePool(line-1644) 121951  - trace com.mchange.v2.resourcepool.BasicResourcePool@6bdf28bb [managed: 3, unused: 2, excluded: 0] (e.g. com.mchange.v2.c3p0.impl.NewPooledConnection@5edf49dc)
2018-04-08 20:55:28 [Thread-5] DEBUG com.mchange.v2.resourcepool.BasicResourcePool(line-1644) 121952  - trace com.mchange.v2.resourcepool.BasicResourcePool@6bdf28bb [managed: 3, unused: 2, excluded: 0] (e.g. com.mchange.v2.c3p0.impl.NewPooledConnection@5edf49dc)
2018-04-08 20:55:28 [Thread-5] DEBUG com.mchange.v2.resourcepool.BasicResourcePool(line-1644) 121954  - trace com.mchange.v2.resourcepool.BasicResourcePool@6bdf28bb [managed: 3, unused: 2, excluded: 0] (e.g. com.mchange.v2.c3p0.impl.NewPooledConnection@5edf49dc)
2018-04-08 20:55:28 [Thread-5] DEBUG com.mchange.v2.resourcepool.BasicResourcePool(line-1644) 121954  - trace com.mchange.v2.resourcepool.BasicResourcePool@6bdf28bb [managed: 3, unused: 2, excluded: 0] (e.g. com.mchange.v2.c3p0.impl.NewPooledConnection@5edf49dc)
2018-04-08 20:55:28 [pool-1-thread-2] DEBUG com.mchange.v2.resourcepool.BasicResourcePool(line-1644) 121954  - trace com.mchange.v2.resourcepool.BasicResourcePool@6bdf28bb [managed: 3, unused: 1, excluded: 0] (e.g. com.mchange.v2.c3p0.impl.NewPooledConnection@5edf49dc)
2018-04-08 20:55:28 [pool-1-thread-2] DEBUG com.mchange.v2.resourcepool.BasicResourcePool(line-1644) 121956  - trace com.mchange.v2.resourcepool.BasicResourcePool@6bdf28bb [managed: 3, unused: 1, excluded: 0] (e.g. com.mchange.v2.c3p0.impl.NewPooledConnection@5edf49dc)
2018-04-08 20:55:28 [pool-1-thread-2] DEBUG com.mchange.v2.resourcepool.BasicResourcePool(line-1644) 121957  - trace com.mchange.v2.resourcepool.BasicResourcePool@6bdf28bb [managed: 3, unused: 0, excluded: 0] (e.g. com.mchange.v2.c3p0.impl.NewPooledConnection@5edf49dc)
2018-04-08 20:55:28 [Thread-5] DEBUG com.mchange.v2.resourcepool.BasicResourcePool(line-1644) 121971  - trace com.mchange.v2.resourcepool.BasicResourcePool@6bdf28bb [managed: 3, unused: 1, excluded: 0] (e.g. com.mchange.v2.c3p0.impl.NewPooledConnection@5edf49dc)
2018-04-08 20:55:28 [pool-1-thread-2] DEBUG com.mchange.v2.resourcepool.BasicResourcePool(line-1644) 121972  - trace com.mchange.v2.resourcepool.BasicResourcePool@6bdf28bb [managed: 3, unused: 2, excluded: 0] (e.g. com.mchange.v2.c3p0.impl.NewPooledConnection@5edf49dc)
2018-04-08 20:55:28 [pool-1-thread-2] DEBUG com.dlz.mail.task.ExecuteSQL(line-68) 121973  - 压缩处理后的文件路径：/Users/wangyuelin/Documents/develop/dlz_mail/files/csv/stu.zip
2018-04-08 20:55:28 [pool-1-thread-2] DEBUG com.mchange.v2.resourcepool.BasicResourcePool(line-1644) 121973  - trace com.mchange.v2.resourcepool.BasicResourcePool@6bdf28bb [managed: 3, unused: 2, excluded: 0] (e.g. com.mchange.v2.c3p0.impl.NewPooledConnection@5edf49dc)
2018-04-08 20:55:28 [pool-1-thread-2] DEBUG com.mchange.v2.resourcepool.BasicResourcePool(line-1644) 121975  - trace com.mchange.v2.resourcepool.BasicResourcePool@6bdf28bb [managed: 3, unused: 2, excluded: 0] (e.g. com.mchange.v2.c3p0.impl.NewPooledConnection@5edf49dc)
2018-04-08 20:55:28 [pool-1-thread-2] DEBUG com.dlz.mail.task.ExecuteSQL(line-125) 121975  - 立即发送邮件：stu
2018-04-08 20:55:28 [pool-1-thread-2] DEBUG com.mchange.v2.resourcepool.BasicResourcePool(line-1644) 121975  - trace com.mchange.v2.resourcepool.BasicResourcePool@6bdf28bb [managed: 3, unused: 2, excluded: 0] (e.g. com.mchange.v2.c3p0.impl.NewPooledConnection@5edf49dc)
2018-04-08 20:55:28 [pool-1-thread-2] DEBUG com.mchange.v2.resourcepool.BasicResourcePool(line-1644) 121977  - trace com.mchange.v2.resourcepool.BasicResourcePool@6bdf28bb [managed: 3, unused: 2, excluded: 0] (e.g. com.mchange.v2.c3p0.impl.NewPooledConnection@5edf49dc)
2018-04-08 20:55:28 [pool-1-thread-2] DEBUG com.dlz.mail.task.ExecuteSQL(line-127) 122171  - 邮件：stu 发送成功
2018-04-08 20:55:28 [pool-1-thread-2] DEBUG com.mchange.v2.resourcepool.BasicResourcePool(line-1644) 122171  - trace com.mchange.v2.resourcepool.BasicResourcePool@6bdf28bb [managed: 3, unused: 2, excluded: 0] (e.g. com.mchange.v2.c3p0.impl.NewPooledConnection@5edf49dc)
2018-04-08 20:55:28 [pool-1-thread-2] DEBUG com.mchange.v2.resourcepool.BasicResourcePool(line-1644) 122186  - trace com.mchange.v2.resourcepool.BasicResourcePool@6bdf28bb [managed: 3, unused: 2, excluded: 0] (e.g. com.mchange.v2.c3p0.impl.NewPooledConnection@5edf49dc)
